Added Component: Designator=J6(U_FL)
Add component (AddParameter): Name = "Brand"; Value = "Hiroze"; VariantName = "[No Variations]"
Add component (AddParameter): Name = "Brand Number"; Value = "U.FL-R-SMT(01)"; VariantName = "[No Variations]"
Add component (AddParameter): Name = "Case Style"; Value = "U_FL"; VariantName = "[No Variations]"
Add component (AddParameter): Name = "Order Code Supplier"; Value = "3908021"; VariantName = "[No Variations]"
Add component (AddParameter): Name = "Price"; Value = "1,53"; VariantName = "[No Variations]"
Add component (AddParameter): Name = "Supplier"; Value = "Farnell"; VariantName = "[No Variations]"
Added Component: Designator=J7(U_FL)
Add component (AddParameter): Name = "Brand"; Value = "Hiroze"; VariantName = "[No Variations]"
Add component (AddParameter): Name = "Brand Number"; Value = "U.FL-R-SMT(01)"; VariantName = "[No Variations]"
Add component (AddParameter): Name = "Case Style"; Value = "U_FL"; VariantName = "[No Variations]"
Add component (AddParameter): Name = "Order Code Supplier"; Value = "3908021"; VariantName = "[No Variations]"
Add component (AddParameter): Name = "Price"; Value = "1,53"; VariantName = "[No Variations]"
Add component (AddParameter): Name = "Supplier"; Value = "Farnell"; VariantName = "[No Variations]"
Added Pin To Net: NetName=GND Pin=J6-0
Added Pin To Net: NetName=GND Pin=J6-0
Added Pin To Net: NetName=_ILS_N Pin=J6-1
Added Pin To Net: NetName=GND Pin=J7-0
Added Pin To Net: NetName=GND Pin=J7-0
Added Pin To Net: NetName=_ILS_P Pin=J7-1
Added Member To Class: ClassName=Controller Member=Component J6 U.FL
Added Member To Class: ClassName=Controller Member=Component J7 U.FL
