Removed Member From Class: ClassName=PowerElectronics Member=Q?
Removed Member From Class: ClassName=Controller Member=U?
Removed Member From Class: ClassName=Driver Member=U?
Added Member To Class: ClassName=Controller Member=Component C? 100nF
Added Member To Class: ClassName=Controller Member=Component C? 100nF
Added Member To Class: ClassName=Controller Member=Component C? 100nF
Added Member To Class: ClassName=PSU Member=Component C? 2.2uF
Added Member To Class: ClassName=PSU Member=Component C? 10uF
Added Member To Class: ClassName=PSU Member=Component C? 2.2uF
Added Member To Class: ClassName=PSU Member=Component C? 10nF
Added Member To Class: ClassName=PSU Member=Component C? 100nF
Added Member To Class: ClassName=PSU Member=Component C? 2.2uF
Added Member To Class: ClassName=PSU Member=Component D? MMSD701T1G
Added Member To Class: ClassName=PSU Member=Component D? MMSD701T1G
Added Member To Class: ClassName=PSU Member=Component R? 0R
Added Member To Class: ClassName=PSU Member=Component R? 200K
Added Member To Class: ClassName=PSU Member=Component R? 10K
Added Member To Class: ClassName=PSU Member=Component R? 1M
Added Member To Class: ClassName=PSU Member=Component R? 1M
Added Member To Class: ClassName=PSU Member=Component R? 200K
Added Member To Class: ClassName=PSU Member=Component R? 78.7K
Added Member To Class: ClassName=PSU Member=Component U? LM5165YDRCT
