Added Component: Designator=R?(Header_2_2.54_SMD)
Add component (AddParameter): Name = "Farnell"; Value = "1672354"; VariantName = "[No Variations]"
Add component (AddParameter): Name = "Prijs"; Value = "0,67"; VariantName = "[No Variations]"
Added Component: Designator=R?(Header_2_2.54_SMD)
Add component (AddParameter): Name = "Farnell"; Value = "1672354"; VariantName = "[No Variations]"
Add component (AddParameter): Name = "Prijs"; Value = "0,67"; VariantName = "[No Variations]"
Added Component: Designator=R?(0603)
Add component (AddParameter): Name = "Brand"; Value = "VISHAY DRALORIC"; VariantName = "[No Variations]"
Add component (AddParameter): Name = "Brand Number"; Value = "CRCW0603100KFKEA"; VariantName = "[No Variations]"
Add component (AddParameter): Name = "Case Style"; Value = "0603"; VariantName = "[No Variations]"
Add component (AddParameter): Name = "Order Code Supplier"; Value = "2122619"; VariantName = "[No Variations]"
Add component (AddParameter): Name = "Power Rating"; Value = "0.063W"; VariantName = "[No Variations]"
Add component (AddParameter): Name = "Price"; Value = "0,039"; VariantName = "[No Variations]"
Add component (AddParameter): Name = "Resistance"; Value = "100K"; VariantName = "[No Variations]"
Add component (AddParameter): Name = "Supplier"; Value = "Farnell"; VariantName = "[No Variations]"
Add component (AddParameter): Name = "Temperature Coefficient"; Value = "± 100PPM"; VariantName = "[No Variations]"
Add component (AddParameter): Name = "Temperature Range"; Value = "-55°C to +125°C"; VariantName = "[No Variations]"
Add component (AddParameter): Name = "Voltage Rating"; Value = "50V"; VariantName = "[No Variations]"
Added Pin To Net: NetName=Tsense Pin=R?-1
Added Pin To Net: NetName=3V3 Pin=R?-2
Added Pin To Net: NetName=Tsense Pin=R?-2
Added Pin To Net: NetName=Tsense Pin=R?-2
Added Member To Class: ClassName=PowerElectronics Member=Component R? NTC-100K
Added Member To Class: ClassName=PowerElectronics Member=Component R? NTC-100K
Added Member To Class: ClassName=PowerElectronics Member=Component R? 100K
