Removed Pin From Net: NetName=HSS Pin=J3-0
Removed Pin From Net: NetName=HSS Pin=J3-0
Removed Pin From Net: NetName=GND Pin=J5-0
Removed Pin From Net: NetName=GND Pin=J5-0
Removed Pin From Net: NetName=GND Pin=J6-0
Removed Pin From Net: NetName=GND Pin=J6-0
Removed Pin From Net: NetName=GND Pin=J7-0
Removed Pin From Net: NetName=GND Pin=J7-0
Removed Pin From Net: NetName=NetQ1_G2 Pin=R23-2
Removed Pin From Net: NetName=NetQ2_G2 Pin=R46-2
Removed Pin From Net: NetName=_ILS_P Pin=R51-2
Removed Pin From Net: NetName=_ILS_N Pin=R52-2
Removed Member From Class: ClassName=Designator Member=J3
Removed Member From Class: ClassName=Designator Member=J5
Removed Member From Class: ClassName=Controller Member=J6
Removed Member From Class: ClassName=Controller Member=J7
Removed Member From Class: ClassName=Designator Member=R23
Removed Member From Class: ClassName=Designator Member=R46
Removed Member From Class: ClassName=Controller Member=R51
Removed Member From Class: ClassName=Controller Member=R52
Removed Member From Class: ClassName=HV Member=NetJ3_1
