Removed Pin From Net: NetName=Vin Pin=L?-1
Removed Pin From Net: NetName=PGND Pin=L?-2
Removed Member From Class: ClassName=Controller Member=C?
Removed Member From Class: ClassName=Driver Member=C?
Removed Member From Class: ClassName=PSU Member=C?
Removed Member From Class: ClassName=USB Member=C?
Removed Member From Class: ClassName=Driver Member=D?
Removed Member From Class: ClassName=ReboostV2_toplevel Member=J?
Removed Member From Class: ClassName=USB Member=J?
Removed Member From Class: ClassName=Controller Member=L?
Removed Member From Class: ClassName=Driver Member=L?
Removed Member From Class: ClassName=PowerElectronics Member=L?
Removed Member From Class: ClassName=Controller Member=R?
Removed Member From Class: ClassName=Driver Member=R?
Removed Member From Class: ClassName=PowerElectronics Member=R?
Removed Member From Class: ClassName=PSU Member=R?
Removed Member From Class: ClassName=HVAC Member=NetC?_2
Removed Member From Class: ClassName=HVAC Member=NetR?_1
Change Component Designator: OldDesignator=C? NewDesignator=C1
Change Component Designator: OldDesignator=C? NewDesignator=C2
Change Component Designator: OldDesignator=C? NewDesignator=C3
Change Component Designator: OldDesignator=C? NewDesignator=C4
Change Component Designator: OldDesignator=C? NewDesignator=C5
Change Component Designator: OldDesignator=C? NewDesignator=C6
Change Component Designator: OldDesignator=C? NewDesignator=C7
Change Component Designator: OldDesignator=C? NewDesignator=C8
Change Component Designator: OldDesignator=C? NewDesignator=C9
Change Component Designator: OldDesignator=C? NewDesignator=C10
Change Component Designator: OldDesignator=C? NewDesignator=C11
Change Component Designator: OldDesignator=C? NewDesignator=C12
Change Component Designator: OldDesignator=C? NewDesignator=C13
Change Component Designator: OldDesignator=C? NewDesignator=C14
Change Component Designator: OldDesignator=C? NewDesignator=C15
Change Component Designator: OldDesignator=C? NewDesignator=C16
Change Component Designator: OldDesignator=C? NewDesignator=C17
Change Component Designator: OldDesignator=C? NewDesignator=C18
Change Component Designator: OldDesignator=C? NewDesignator=C19
Change Component Designator: OldDesignator=C? NewDesignator=C20
Change Component Designator: OldDesignator=C? NewDesignator=C21
Change Component Designator: OldDesignator=C? NewDesignator=C22
Change Component Designator: OldDesignator=C? NewDesignator=C23
Change Component Designator: OldDesignator=C? NewDesignator=C24
Change Component Designator: OldDesignator=C? NewDesignator=C25
Change Component Designator: OldDesignator=C? NewDesignator=C26
Change Component Designator: OldDesignator=C? NewDesignator=C27
Change Component Designator: OldDesignator=C? NewDesignator=C28
Change Component Designator: OldDesignator=C? NewDesignator=C29
Change Component Designator: OldDesignator=C? NewDesignator=C30
Change Component Designator: OldDesignator=C? NewDesignator=C31
Change Component Designator: OldDesignator=C? NewDesignator=C32
Change Component Designator: OldDesignator=C? NewDesignator=C33
Change Component Designator: OldDesignator=C? NewDesignator=C34
Change Component Designator: OldDesignator=C? NewDesignator=C35
Change Component Designator: OldDesignator=C? NewDesignator=C36
Change Component Designator: OldDesignator=C? NewDesignator=C37
Change Component Designator: OldDesignator=C? NewDesignator=C38
Change Component Designator: OldDesignator=C? NewDesignator=C39
Change Component Designator: OldDesignator=D? NewDesignator=D1
Change Component Designator: OldDesignator=D? NewDesignator=D2
Change Component Designator: OldDesignator=IC? NewDesignator=IC1
Change Component Designator: OldDesignator=J? NewDesignator=J1
Change Component Designator: OldDesignator=J? NewDesignator=J2
Change Component Designator: OldDesignator=J? NewDesignator=J3
Change Component Designator: OldDesignator=L? NewDesignator=L1
Change Component Designator: OldDesignator=L? NewDesignator=L5
Change Component Designator: OldDesignator=P? NewDesignator=P1
Change Component Designator: OldDesignator=P? NewDesignator=P2
Change Component Designator: OldDesignator=R? NewDesignator=R6
Change Component Designator: OldDesignator=R? NewDesignator=R7
Change Component Designator: OldDesignator=R? NewDesignator=R8
Change Component Designator: OldDesignator=R? NewDesignator=R9
Change Component Designator: OldDesignator=R? NewDesignator=R10
Change Component Designator: OldDesignator=R? NewDesignator=R11
Change Component Designator: OldDesignator=R? NewDesignator=R12
Change Component Designator: OldDesignator=R? NewDesignator=R13
Change Component Designator: OldDesignator=R? NewDesignator=R14
Change Component Designator: OldDesignator=R? NewDesignator=R15
Change Component Designator: OldDesignator=R? NewDesignator=R16
Change Component Designator: OldDesignator=R? NewDesignator=R17
Change Component Designator: OldDesignator=R? NewDesignator=R18
Change Component Designator: OldDesignator=R? NewDesignator=R19
Change Component Designator: OldDesignator=R? NewDesignator=R20
Change Component Designator: OldDesignator=R? NewDesignator=R21
Change Component Designator: OldDesignator=R? NewDesignator=R22
Change Component Designator: OldDesignator=R? NewDesignator=R23
Change Component Designator: OldDesignator=R? NewDesignator=R24
Change Component Designator: OldDesignator=R? NewDesignator=R25
Change Component Designator: OldDesignator=R? NewDesignator=R26
Change Component Designator: OldDesignator=R? NewDesignator=R27
Change Component Designator: OldDesignator=R? NewDesignator=R28
Change Component Designator: OldDesignator=R?_IHS NewDesignator=R1_IHS
Change Component Designator: OldDesignator=R?_IHS NewDesignator=R2_IHS
Change Component Designator: OldDesignator=R?_IHS NewDesignator=R3_IHS
Change Component Designator: OldDesignator=R?_IHS NewDesignator=R4_IHS
Change Component Designator: OldDesignator=R?_IHS NewDesignator=R5_IHS
Change Component Designator: OldDesignator=R?_ILS NewDesignator=R1_ILS
Change Component Designator: OldDesignator=R?_ILS NewDesignator=R2_ILS
Change Component Designator: OldDesignator=R?_ILS NewDesignator=R3_ILS
Change Component Designator: OldDesignator=R?_ILS NewDesignator=R4_ILS
Change Component Designator: OldDesignator=R?_ILS NewDesignator=R5_ILS
Change Component Designator: OldDesignator=X? NewDesignator=X1
Added Pin To Net: NetName=Vout Pin=C22-2
Added Pin To Net: NetName=Vout Pin=C23-2
Added Pin To Net: NetName=Vout Pin=C24-2
Added Pin To Net: NetName=Vout Pin=C25-2
Added Pin To Net: NetName=Vout Pin=C26-2
Added Pin To Net: NetName=Vout Pin=C27-2
Added Pin To Net: NetName=Vout Pin=C28-2
Added Pin To Net: NetName=Vout Pin=J1-3
Added Pin To Net: NetName=Vout Pin=J1-3
Added Pin To Net: NetName=3V3 Pin=L1-1
Change Net Name : Old Net Name=NetC?_1 New Net Name=NetC29_1
Change Net Name : Old Net Name=NetD?_K1 New Net Name=NetD1_K1
Change Net Name : Old Net Name=NetD?_K2 New Net Name=NetD1_K2
Change Net Name : Old Net Name=NetIC?_9 New Net Name=NetIC1_9
Change Net Name : Old Net Name=NetIC?_20 New Net Name=NetIC1_20
Change Net Name : Old Net Name=NetIC?_21 New Net Name=NetIC1_21
Change Net Name : Old Net Name=NetJ?_4 New Net Name=NetJ1_4
Change Net Name : Old Net Name=NetR?_1 New Net Name=NetR7_1
Change Net Name : Old Net Name=NetR?_IHS_1 New Net Name=NetR1_IHS_4
Change Net Name : Old Net Name=NetR?_ILS_1 New Net Name=NetR1_ILS_3
Added Pin To Net: NetName=NetC1_2 Pin=C1-2
Added Pin To Net: NetName=NetC1_2 Pin=C2-2
Added Pin To Net: NetName=NetC1_2 Pin=IC1-7
Added Pin To Net: NetName=NetC1_2 Pin=IC1-8
Added Pin To Net: NetName=NetC1_2 Pin=J2-1
Added Net: Name=NetC1_2
Added Pin To Net: NetName=NetC3_2 Pin=C3-2
Added Pin To Net: NetName=NetC3_2 Pin=IC1-16
Added Net: Name=NetC3_2
Added Pin To Net: NetName=NetC5_2 Pin=C5-2
Added Pin To Net: NetName=NetC5_2 Pin=X1-1
Added Net: Name=NetC5_2
Added Pin To Net: NetName=NetC6_2 Pin=C6-2
Added Pin To Net: NetName=NetC6_2 Pin=X1-2
Added Net: Name=NetC6_2
Added Pin To Net: NetName=NetC9_2 Pin=C9-2
Added Pin To Net: NetName=NetC9_2 Pin=C10-2
Added Pin To Net: NetName=NetC9_2 Pin=L1-2
Added Net: Name=NetC9_2
Added Pin To Net: NetName=NetC11_2 Pin=C11-2
Added Pin To Net: NetName=NetC11_2 Pin=C12-2
Added Net: Name=NetC11_2
Added Pin To Net: NetName=NetC33_2 Pin=C33-2
Added Pin To Net: NetName=NetC33_2 Pin=D2-1
Added Net: Name=NetC33_2
Added Pin To Net: NetName=NetC36_2 Pin=C36-2
Added Pin To Net: NetName=NetC36_2 Pin=C37-2
Added Pin To Net: NetName=NetC36_2 Pin=C38-2
Added Pin To Net: NetName=NetC36_2 Pin=L5-2
Added Pin To Net: NetName=NetC36_2 Pin=R25-2
Added Net: Name=NetC36_2
Added Pin To Net: NetName=NetC39_2 Pin=C39-2
Added Net: Name=NetC39_2
Added Pin To Net: NetName=NetD2_2 Pin=D2-2
Added Net: Name=NetD2_2
Added Pin To Net: NetName=NetL3_3 Pin=R17-1
Added Pin To Net: NetName=NetL3_3 Pin=R19-2
Added Net: Name=NetL3_3
Added Pin To Net: NetName=NetL4_3 Pin=R20-1
Added Pin To Net: NetName=NetL4_3 Pin=R22-2
Added Net: Name=NetL4_3
Added Pin To Net: NetName=NetL5_1 Pin=L5-1
Added Net: Name=NetL5_1
Added Pin To Net: NetName=NetR1_IHS_3 Pin=R1_IHS-3
Added Pin To Net: NetName=NetR1_IHS_3 Pin=R2_IHS-1
Added Net: Name=NetR1_IHS_3
Added Pin To Net: NetName=NetR1_ILS_4 Pin=R1_ILS-4
Added Pin To Net: NetName=NetR1_ILS_4 Pin=R4_ILS-1
Added Net: Name=NetR1_ILS_4
Added Pin To Net: NetName=NetR8_1 Pin=R8-1
Added Net: Name=NetR8_1
Added Pin To Net: NetName=NetR10_1 Pin=R10-1
Added Net: Name=NetR10_1
Added Pin To Net: NetName=NetR17_2 Pin=R17-2
Added Net: Name=NetR17_2
Added Pin To Net: NetName=NetR18_1 Pin=R18-1
Added Net: Name=NetR18_1
Added Pin To Net: NetName=NetR20_2 Pin=R20-2
Added Net: Name=NetR20_2
Added Pin To Net: NetName=NetR21_1 Pin=R21-1
Added Net: Name=NetR21_1
Added Pin To Net: NetName=NetR23_2 Pin=R23-2
Added Net: Name=NetR23_2
Added Pin To Net: NetName=NetR24_1 Pin=R24-1
Added Pin To Net: NetName=NetR24_1 Pin=R26-2
Added Net: Name=NetR24_1
Added Pin To Net: NetName=NetR24_2 Pin=R24-2
Added Net: Name=NetR24_2
Added Pin To Net: NetName=NetR25_1 Pin=R25-1
Added Pin To Net: NetName=NetR25_1 Pin=R27-2
Added Net: Name=NetR25_1
Added Pin To Net: NetName=NetR28_2 Pin=R28-2
Added Net: Name=NetR28_2
Added Member To Class: ClassName=USB Member=Component C1 2.2uF
Added Member To Class: ClassName=USB Member=Component C2 100nF
Added Member To Class: ClassName=USB Member=Component C3 2.2uF
Added Member To Class: ClassName=USB Member=Component C4 2.2uF
Added Member To Class: ClassName=Controller Member=Component C5 15pF
Added Member To Class: ClassName=Controller Member=Component C6 15pF
Added Member To Class: ClassName=Controller Member=Component C7 100nF
Added Member To Class: ClassName=Controller Member=Component C8 1nF
Added Member To Class: ClassName=Controller Member=Component C9 1uF
Added Member To Class: ClassName=Controller Member=Component C10 100nF
Added Member To Class: ClassName=Controller Member=Component C11 1uF
Added Member To Class: ClassName=Controller Member=Component C12 100nF
Added Member To Class: ClassName=Controller Member=Component C13 100nF
Added Member To Class: ClassName=Controller Member=Component C14 1nF
Added Member To Class: ClassName=Controller Member=Component C15 100nF
Added Member To Class: ClassName=Controller Member=Component C16 1nF
Added Member To Class: ClassName=Controller Member=Component C17 100nF
Added Member To Class: ClassName=Controller Member=Component C18 1nF
Added Member To Class: ClassName=Controller Member=Component C19 100nF
Added Member To Class: ClassName=Controller Member=Component C20 1nF
Added Member To Class: ClassName=PowerElectronics Member=Component C21 100nF
Added Member To Class: ClassName=PowerElectronics Member=Component C22 220nf
Added Member To Class: ClassName=PowerElectronics Member=Component C23 220nf
Added Member To Class: ClassName=PowerElectronics Member=Component C24 220nf
Added Member To Class: ClassName=PowerElectronics Member=Component C25 220nf
Added Member To Class: ClassName=PowerElectronics Member=Component C26 220nf
Added Member To Class: ClassName=PowerElectronics Member=Component C28 220nf
Added Member To Class: ClassName=PowerElectronics Member=Component C29 220nf
Added Member To Class: ClassName=Driver Member=Component C30 100nF
Added Member To Class: ClassName=Driver Member=Component C31 100nF
Added Member To Class: ClassName=Driver Member=Component C32 1nF
Added Member To Class: ClassName=Driver Member=Component C33 47 nF
Added Member To Class: ClassName=Driver Member=Component C34 470 nF
Added Member To Class: ClassName=Driver Member=Component C35 47 nF
Added Member To Class: ClassName=PSU Member=Component C36 4.7uF
Added Member To Class: ClassName=PSU Member=Component C37 4.7uF
Added Member To Class: ClassName=PSU Member=Component C38 4.7uF
Added Member To Class: ClassName=PSU Member=Component C39 100nF
Added Member To Class: ClassName=Driver Member=Component D2 D, 200 V, 820 mV, 5A
Added Member To Class: ClassName=ReboostV2_toplevel Member=Component J1 Header 1x4
Added Member To Class: ClassName=USB Member=Component J2 USB3075
Added Member To Class: ClassName=Controller Member=Component L1 744071101
Added Member To Class: ClassName=CAN Member=Component P1 662006230822
Added Member To Class: ClassName=IHS Member=Component R1_IHS (R1) 0.005R
Added Member To Class: ClassName=ILS Member=Component R1_ILS (R1) 0.005R
Added Member To Class: ClassName=ILS Member=Component R2_ILS (R2) 1K
Added Member To Class: ClassName=IHS Member=Component R3_IHS (R3) 10K
Added Member To Class: ClassName=ILS Member=Component R3_ILS (R3) 10K
Added Member To Class: ClassName=IHS Member=Component R4_IHS (R4) 1K
Added Member To Class: ClassName=IHS Member=Component R5_IHS (R5) 10K
Added Member To Class: ClassName=ILS Member=Component R5_ILS (R5) 10K
Added Member To Class: ClassName=USB Member=Component R6 10k
Added Member To Class: ClassName=USB Member=Component R8 240
Added Member To Class: ClassName=Controller Member=Component R9 10k
Added Member To Class: ClassName=Controller Member=Component R10 10k
Added Member To Class: ClassName=Controller Member=Component R11 10k
Added Member To Class: ClassName=Controller Member=Component R12 10k
Added Member To Class: ClassName=Controller Member=Component R13 10k
Added Member To Class: ClassName=Controller Member=Component R14 10k
Added Member To Class: ClassName=PowerElectronics Member=Component R15 100K
Added Member To Class: ClassName=PowerElectronics Member=Component R16 NTCS0805E4104JMT
Added Member To Class: ClassName=Driver Member=Component R17 100R
Added Member To Class: ClassName=Driver Member=Component R18 0R
Added Member To Class: ClassName=Driver Member=Component R19 10K
Added Member To Class: ClassName=Driver Member=Component R20 100R
Added Member To Class: ClassName=Driver Member=Component R21 0R
Added Member To Class: ClassName=Driver Member=Component R22 10K
Added Member To Class: ClassName=Driver Member=Component R23 0R
Added Member To Class: ClassName=PSU Member=Component R24 180K
Added Member To Class: ClassName=PSU Member=Component R25 180K
Added Member To Class: ClassName=PSU Member=Component R26 13K
Added Member To Class: ClassName=PSU Member=Component R27 13K
Added Member To Class: ClassName=PSU Member=Component R28 10K
Added Member To Class: ClassName=HVAC Member=Wire NetC33_2
Added Member To Class: ClassName=HVAC Member=Wire NetR18_1
