Removed Pin From Net: NetName=GND Pin=C7-1
Removed Pin From Net: NetName=GND Pin=C7-2
Removed Pin From Net: NetName=GND Pin=C8-1
Removed Pin From Net: NetName=GND Pin=C8-2
Removed Pin From Net: NetName=GND Pin=R11-1
Removed Pin From Net: NetName=GND Pin=R12-1
Removed Pin From Net: NetName=GND Pin=R13-1
Removed Pin From Net: NetName=GND Pin=R14-1
Removed Member From Class: ClassName=Controller Member=C7
Removed Member From Class: ClassName=Controller Member=C8
Removed Member From Class: ClassName=Controller Member=R11
Removed Member From Class: ClassName=Controller Member=R12
Removed Member From Class: ClassName=Controller Member=R13
Removed Member From Class: ClassName=Controller Member=R14
Added Component: Designator=C?(C0402)
Add component (AddParameter): Name = "Brand"; Value = "MURATA"; VariantName = "[No Variations]"
Add component (AddParameter): Name = "Brand Number"; Value = "GRM155R71C104KA88D"; VariantName = "[No Variations]"
Add component (AddParameter): Name = "Capacitance"; Value = "100nF"; VariantName = "[No Variations]"
Add component (AddParameter): Name = "Capacitance Tolerance"; Value = "10nF"; VariantName = "[No Variations]"
Add component (AddParameter): Name = "Capacitor Case Style"; Value = "0402"; VariantName = "[No Variations]"
Add component (AddParameter): Name = "Dielectric Characteristic"; Value = "X7R"; VariantName = "[No Variations]"
Add component (AddParameter): Name = "Order Code Supplier"; Value = "2408523"; VariantName = "[No Variations]"
Add component (AddParameter): Name = "Price"; Value = "0,001"; VariantName = "[No Variations]"
Add component (AddParameter): Name = "Supplier"; Value = "Farnell"; VariantName = "[No Variations]"
Add component (AddParameter): Name = "Temperature Range"; Value = "-55 to +125 C"; VariantName = "[No Variations]"
Add component (AddParameter): Name = "Voltage Rating"; Value = "16V"; VariantName = "[No Variations]"
Added Component: Designator=R?(0603)
Add component (AddParameter): Name = "Brand"; Value = "VISHAY DRALORIC"; VariantName = "[No Variations]"
Add component (AddParameter): Name = "Brand Number"; Value = "CRCW060310K0FKEA"; VariantName = "[No Variations]"
Add component (AddParameter): Name = "Case Style"; Value = "0603"; VariantName = "[No Variations]"
Add component (AddParameter): Name = "Order Code Supplier"; Value = "2122493"; VariantName = "[No Variations]"
Add component (AddParameter): Name = "Power Rating"; Value = "0.063W"; VariantName = "[No Variations]"
Add component (AddParameter): Name = "Price"; Value = "0,038"; VariantName = "[No Variations]"
Add component (AddParameter): Name = "Resistance"; Value = "10K"; VariantName = "[No Variations]"
Add component (AddParameter): Name = "Supplier"; Value = "Farnell"; VariantName = "[No Variations]"
Add component (AddParameter): Name = "Temperature Coefficient"; Value = "± 100PPM"; VariantName = "[No Variations]"
Add component (AddParameter): Name = "Temperature Range"; Value = "-55°C to +125°C"; VariantName = "[No Variations]"
Add component (AddParameter): Name = "Voltage Rating"; Value = "50V"; VariantName = "[No Variations]"
Added Component: Designator=R?(0603)
Add component (AddParameter): Name = "Brand"; Value = "VISHAY DRALORIC"; VariantName = "[No Variations]"
Add component (AddParameter): Name = "Brand Number"; Value = "CRCW060310K0FKEA"; VariantName = "[No Variations]"
Add component (AddParameter): Name = "Case Style"; Value = "0603"; VariantName = "[No Variations]"
Add component (AddParameter): Name = "Order Code Supplier"; Value = "2122493"; VariantName = "[No Variations]"
Add component (AddParameter): Name = "Power Rating"; Value = "0.063W"; VariantName = "[No Variations]"
Add component (AddParameter): Name = "Price"; Value = "0,038"; VariantName = "[No Variations]"
Add component (AddParameter): Name = "Resistance"; Value = "10K"; VariantName = "[No Variations]"
Add component (AddParameter): Name = "Supplier"; Value = "Farnell"; VariantName = "[No Variations]"
Add component (AddParameter): Name = "Temperature Coefficient"; Value = "± 100PPM"; VariantName = "[No Variations]"
Add component (AddParameter): Name = "Temperature Range"; Value = "-55°C to +125°C"; VariantName = "[No Variations]"
Add component (AddParameter): Name = "Voltage Rating"; Value = "50V"; VariantName = "[No Variations]"
Added Component: Designator=S?(42852732091x_16p)
Add component (AddParameter): Name = "Actuator Type"; Value = "Arrow Type"; VariantName = "[No Variations]"
Add component (AddParameter): Name = "ComponentLink1Description"; Value = "Manufacturer"; VariantName = "[No Variations]"
Add component (AddParameter): Name = "ComponentLink1URL"; Value = "http://www.we-online.de"; VariantName = "[No Variations]"
Add component (AddParameter): Name = "ComponentLink2Description"; Value = "Datasheet"; VariantName = "[No Variations]"
Add component (AddParameter): Name = "ComponentLink2URL"; Value = "https://katalog.we-online.com/em/datasheet/428527320916.pdf"; VariantName = "[No Variations]"
Add component (AddParameter): Name = "Cover Material"; Value = "PA66"; VariantName = "[No Variations]"
Add component (AddParameter): Name = "Mounting Technology"; Value = "THT"; VariantName = "[No Variations]"
Add component (AddParameter): Name = "Operating Temperature"; Value = "-40 to +85degC"; VariantName = "[No Variations]"
Add component (AddParameter): Name = "Packaging"; Value = "Tube"; VariantName = "[No Variations]"
Add component (AddParameter): Name = "Part Number"; Value = "428527320916"; VariantName = "[No Variations]"
Add component (AddParameter): Name = "Position Number"; Value = "16"; VariantName = "[No Variations]"
Add component (AddParameter): Name = "Published Date"; Value = "September 2019"; VariantName = "[No Variations]"
Add component (AddParameter): Name = "Publisher"; Value = "Wurth Elektronik"; VariantName = "[No Variations]"
Add component (AddParameter): Name = "Rated Current"; Value = "150mA"; VariantName = "[No Variations]"
Add component (AddParameter): Name = "Rated Voltage"; Value = "24VDC"; VariantName = "[No Variations]"
Add component (AddParameter): Name = "Size"; Value = "10x10mm"; VariantName = "[No Variations]"
Add component (AddParameter): Name = "Terminal Plating"; Value = "Gold"; VariantName = "[No Variations]"
Add component (AddParameter): Name = "Washable"; Value = "Yes"; VariantName = "[No Variations]"
Added Component: Designator=U?(TSSOP8)
Add component (AddParameter): Name = "Order Code Supplier"; Value = "771-74LVC2G08DP-G"; VariantName = "[No Variations]"
Add component (AddParameter): Name = "Supplier"; Value = "Mouser"; VariantName = "[No Variations]"
Added Component: Designator=U?(TSSOP8)
Add component (AddParameter): Name = "Order Code Supplier"; Value = "771-74LVC2G08DP-G"; VariantName = "[No Variations]"
Add component (AddParameter): Name = "Supplier"; Value = "Mouser"; VariantName = "[No Variations]"
Added Component: Designator=U?(TSSOP8)
Add component (AddParameter): Name = "Order Code Supplier"; Value = "771-74LVC2G08DP-G"; VariantName = "[No Variations]"
Add component (AddParameter): Name = "Supplier"; Value = "Mouser"; VariantName = "[No Variations]"
Added Pin To Net: NetName=GND Pin=C?-1
Added Pin To Net: NetName=GND Pin=C?-2
Added Pin To Net: NetName=GND Pin=R?-1
Added Pin To Net: NetName=GND Pin=R?-1
Added Pin To Net: NetName=GND Pin=S?-C
Added Pin To Net: NetName=GND Pin=S?-C
Added Pin To Net: NetName=IS_ILS_N Pin=U1-10
Added Pin To Net: NetName=IS_ILS_P Pin=U1-11
Added Pin To Net: NetName=IS_IHS_N Pin=U1-27
Added Pin To Net: NetName=IS_IHS_P Pin=U1-28
Added Pin To Net: NetName=Tsense Pin=U1-31
Added Pin To Net: NetName=GND Pin=U?-4
Added Pin To Net: NetName=GND Pin=U?-8
Change Net Name : Old Net Name=LED0 New Net Name=LED2
Change Net Name : Old Net Name=LED1 New Net Name=LED3
Change Net Name : Old Net Name=LED2 New Net Name=LED4
Change Net Name : Old Net Name=P1_T New Net Name=NetU1_24
Change Net Name : Old Net Name=P1_Vin New Net Name=NetU1_26
Added Pin To Net: NetName=HSEN Pin=R?-2
Added Pin To Net: NetName=HSEN Pin=U1-34
Added Pin To Net: NetName=HSEN Pin=U?-2
Added Net: Name=HSEN
Added Pin To Net: NetName=ID0 Pin=S?-1
Added Pin To Net: NetName=ID0 Pin=U1-17
Added Net: Name=ID0
Added Pin To Net: NetName=ID1 Pin=S?-2
Added Pin To Net: NetName=ID1 Pin=U1-18
Added Net: Name=ID1
Added Pin To Net: NetName=ID2 Pin=S?-4
Added Pin To Net: NetName=ID2 Pin=U1-19
Added Net: Name=ID2
Added Pin To Net: NetName=ID3 Pin=S?-8
Added Pin To Net: NetName=ID3 Pin=U1-16
Added Net: Name=ID3
Added Pin To Net: NetName=LED1 Pin=U1-12
Added Net: Name=LED1
Added Pin To Net: NetName=LSEN Pin=R?-2
Added Pin To Net: NetName=LSEN Pin=U1-38
Added Pin To Net: NetName=LSEN Pin=U?-6
Added Net: Name=LSEN
Added Pin To Net: NetName=LS Pin=U1-32
Added Pin To Net: NetName=LS Pin=U?-5
Added Net: Name=LS
Added Pin To Net: NetName=NetU1_30 Pin=U1-30
Added Net: Name=NetU1_30
Added Pin To Net: NetName=NetU?_3 Pin=U?-3
Added Net: Name=NetU?_3
Added Pin To Net: NetName=NetU?_7 Pin=U?-7
Added Net: Name=NetU?_7
Added Member To Class: ClassName=Controller Member=Component C? 100nF
Added Member To Class: ClassName=Controller Member=Component C? 100nF
Added Member To Class: ClassName=Controller Member=Component C? 100nF
Added Member To Class: ClassName=Controller Member=Component C? 100nF
Added Member To Class: ClassName=PSU Member=Component C? 10uF
Added Member To Class: ClassName=PSU Member=Component C? 10nF
Added Member To Class: ClassName=PSU Member=Component C? 2.2uF
Added Member To Class: ClassName=PSU Member=Component C? 2.2uF
Added Member To Class: ClassName=PSU Member=Component C? 100nF
Added Member To Class: ClassName=PSU Member=Component C? 2.2uF
Added Member To Class: ClassName=PSU Member=Component D? MMSD701T1G
Added Member To Class: ClassName=PSU Member=Component D? MMSD701T1G
Added Member To Class: ClassName=Controller Member=Component R? 10K
Added Member To Class: ClassName=Controller Member=Component R? 10K
Added Member To Class: ClassName=PSU Member=Component R? 10K
Added Member To Class: ClassName=PSU Member=Component R? 1M
Added Member To Class: ClassName=PSU Member=Component R? 0R
Added Member To Class: ClassName=PSU Member=Component R? 200K
Added Member To Class: ClassName=PSU Member=Component R? 200K
Added Member To Class: ClassName=PSU Member=Component R? 1M
Added Member To Class: ClassName=PSU Member=Component R? 78.7K
Added Member To Class: ClassName=Controller Member=Component S? 428527320916
Added Member To Class: ClassName=Controller Member=Component U? 74LVC2G08
Added Member To Class: ClassName=Controller Member=Component U? 74LVC2G08
Added Member To Class: ClassName=Controller Member=Component U? 74LVC2G08
Added Member To Class: ClassName=PSU Member=Component U? LM5165YDRCT
