Removed Pin From Net: NetName=_ILS_N Pin=J6-1
Removed Pin From Net: NetName=_ILS_P Pin=J7-1
Added Component: Designator=R51(0603)
Add component (AddParameter): Name = "Brand"; Value = "VISHAY DRALORIC"; VariantName = "[No Variations]"
Add component (AddParameter): Name = "Brand Number"; Value = "CRCW060349K9FKEA"; VariantName = "[No Variations]"
Add component (AddParameter): Name = "Case Style"; Value = "0603"; VariantName = "[No Variations]"
Add component (AddParameter): Name = "Order Code Supplier"; Value = "1652882"; VariantName = "[No Variations]"
Add component (AddParameter): Name = "Power Rating"; Value = "0.063W"; VariantName = "[No Variations]"
Add component (AddParameter): Name = "Price"; Value = "0,015"; VariantName = "[No Variations]"
Add component (AddParameter): Name = "Resistance"; Value = "49.9K"; VariantName = "[No Variations]"
Add component (AddParameter): Name = "Supplier"; Value = "Farnell"; VariantName = "[No Variations]"
Add component (AddParameter): Name = "Temperature Coefficient"; Value = "± 100PPM"; VariantName = "[No Variations]"
Add component (AddParameter): Name = "Temperature Range"; Value = "-55°C to +125°C"; VariantName = "[No Variations]"
Add component (AddParameter): Name = "Voltage Rating"; Value = "50V"; VariantName = "[No Variations]"
Added Component: Designator=R52(0603)
Add component (AddParameter): Name = "Brand"; Value = "VISHAY DRALORIC"; VariantName = "[No Variations]"
Add component (AddParameter): Name = "Brand Number"; Value = "CRCW060349K9FKEA"; VariantName = "[No Variations]"
Add component (AddParameter): Name = "Case Style"; Value = "0603"; VariantName = "[No Variations]"
Add component (AddParameter): Name = "Order Code Supplier"; Value = "1652882"; VariantName = "[No Variations]"
Add component (AddParameter): Name = "Power Rating"; Value = "0.063W"; VariantName = "[No Variations]"
Add component (AddParameter): Name = "Price"; Value = "0,015"; VariantName = "[No Variations]"
Add component (AddParameter): Name = "Resistance"; Value = "49.9K"; VariantName = "[No Variations]"
Add component (AddParameter): Name = "Supplier"; Value = "Farnell"; VariantName = "[No Variations]"
Add component (AddParameter): Name = "Temperature Coefficient"; Value = "± 100PPM"; VariantName = "[No Variations]"
Add component (AddParameter): Name = "Temperature Range"; Value = "-55°C to +125°C"; VariantName = "[No Variations]"
Add component (AddParameter): Name = "Voltage Rating"; Value = "50V"; VariantName = "[No Variations]"
Added Pin To Net: NetName=_ILS_N Pin=R51-2
Added Pin To Net: NetName=_ILS_P Pin=R52-2
Added Pin To Net: NetName=NetJ6_1 Pin=J6-1
Added Pin To Net: NetName=NetJ6_1 Pin=R51-1
Added Net: Name=NetJ6_1
Added Pin To Net: NetName=NetJ7_1 Pin=J7-1
Added Pin To Net: NetName=NetJ7_1 Pin=R52-1
Added Net: Name=NetJ7_1
Added Member To Class: ClassName=Controller Member=Component R51 49.9K
Added Member To Class: ClassName=Controller Member=Component R52 49.9K
