Change Component Footprint: Designator=R14 Old Footprint=Header_2_2.54_SMD New Footprint=R0805
Change Component Footprint: Designator=R15 Old Footprint=Header_2_2.54_SMD New Footprint=R0805
Change component parameters: Designator = "R14" ("R14"); Footprint = "Header_2_2.54_SMD"; UniqueID = "\QUGMSSLT\YUNUEZSN" ("\QUGMSSLT\YUNUEZSN")
Change component parameters (AddParameter): Name = "Brand"; Value = "VISHAY BC COMPONENTS"; VariantName = "[No Variations]"
Change component parameters (AddParameter): Name = "Brand Number"; Value = "NTCS0805E4104JMT"; VariantName = "[No Variations]"
Change component parameters (AddParameter): Name = "Case Style"; Value = "0805"; VariantName = "[No Variations]"
Change component parameters (AddParameter): Name = "Order Code Supplier"; Value = "1187095"; VariantName = "[No Variations]"
Change component parameters (AddParameter): Name = "Power Rating"; Value = "0.210W"; VariantName = "[No Variations]"
Change component parameters (AddParameter): Name = "Price"; Value = "0,59"; VariantName = "[No Variations]"
Change component parameters (AddParameter): Name = "Resistance"; Value = "100K"; VariantName = "[No Variations]"
Change component parameters (AddParameter): Name = "Supplier"; Value = "Farnell"; VariantName = "[No Variations]"
Change component parameters (AddParameter): Name = "Temperature Range"; Value = "-55°C to +150°C"; VariantName = "[No Variations]"
Change component parameters (AddParameter): Name = "Type"; Value = "NTC-100K"; VariantName = "[No Variations]"
Change component parameters: Designator = "R15" ("R15"); Footprint = "Header_2_2.54_SMD"; UniqueID = "\QUGMSSLT\LIUQXOPG" ("\QUGMSSLT\LIUQXOPG")
Change component parameters (AddParameter): Name = "Brand"; Value = "VISHAY BC COMPONENTS"; VariantName = "[No Variations]"
Change component parameters (AddParameter): Name = "Brand Number"; Value = "NTCS0805E4104JMT"; VariantName = "[No Variations]"
Change component parameters (AddParameter): Name = "Case Style"; Value = "0805"; VariantName = "[No Variations]"
Change component parameters (AddParameter): Name = "Order Code Supplier"; Value = "1187095"; VariantName = "[No Variations]"
Change component parameters (AddParameter): Name = "Power Rating"; Value = "0.210W"; VariantName = "[No Variations]"
Change component parameters (AddParameter): Name = "Price"; Value = "0,59"; VariantName = "[No Variations]"
Change component parameters (AddParameter): Name = "Resistance"; Value = "100K"; VariantName = "[No Variations]"
Change component parameters (AddParameter): Name = "Supplier"; Value = "Farnell"; VariantName = "[No Variations]"
Change component parameters (AddParameter): Name = "Temperature Range"; Value = "-55°C to +150°C"; VariantName = "[No Variations]"
Change component parameters (AddParameter): Name = "Type"; Value = "NTC-100K"; VariantName = "[No Variations]"
Added Pin To Net: NetName=NetC5_2 Pin=D3-1
Added Pin To Net: NetName=NetC5_2 Pin=D5-1
Change Net Name : Old Net Name=NetC5_2 New Net Name=Vusb
