Removed Pin From Net: NetName=GND Pin=C9-2
Removed Pin From Net: NetName=GND Pin=C16-2
Removed Pin From Net: NetName=GND Pin=C17-2
Removed Pin From Net: NetName=GND Pin=C18-2
Removed Pin From Net: NetName=GND Pin=C19-2
Removed Pin From Net: NetName=GND Pin=C38-2
Removed Pin From Net: NetName=GND Pin=C53-2
Removed Pin From Net: NetName=GND Pin=C54-2
Removed Pin From Net: NetName=GND Pin=J3-1
Removed Pin From Net: NetName=GND Pin=L5-2
Removed Pin From Net: NetName=GND Pin=R1-2
Removed Pin From Net: NetName=GND Pin=R14-1
Removed Pin From Net: NetName=GND Pin=R18-2
Removed Pin From Net: NetName=GND Pin=R19-2
Removed Pin From Net: NetName=GND Pin=U3-23
Removed Pin From Net: NetName=GND Pin=U3-35
Removed Pin From Net: NetName=GND Pin=U3-48
Removed Pin From Net: NetName=GND Pin=U4-8
Removed Pin From Net: NetName=GND Pin=U5-7
Removed Pin From Net: NetName=GND Pin=U9-8
Added Pin To Net: NetName=Vdd Pin=C9-2
Added Pin To Net: NetName=Vdd Pin=C16-2
Added Pin To Net: NetName=Vdd Pin=C17-2
Added Pin To Net: NetName=Vdd Pin=C18-2
Added Pin To Net: NetName=Vdd Pin=C19-2
Added Pin To Net: NetName=Vdd Pin=C38-2
Added Pin To Net: NetName=Vdd Pin=C41-2
Added Pin To Net: NetName=Vdd Pin=C53-2
Added Pin To Net: NetName=Vdd Pin=C54-2
Added Pin To Net: NetName=Vdd Pin=J3-1
Added Pin To Net: NetName=Vdd Pin=L5-2
Added Pin To Net: NetName=Vdd Pin=R1-2
Added Pin To Net: NetName=Vdd Pin=R14-1
Added Pin To Net: NetName=Vdd Pin=R18-2
Added Pin To Net: NetName=Vdd Pin=R19-2
Added Pin To Net: NetName=Vdd Pin=U3-23
Added Pin To Net: NetName=Vdd Pin=U3-35
Added Pin To Net: NetName=Vdd Pin=U3-48
Added Pin To Net: NetName=Vdd Pin=U4-8
Added Pin To Net: NetName=Vdd Pin=U5-7
Added Pin To Net: NetName=Vdd Pin=U6-1
Added Pin To Net: NetName=Vdd Pin=U9-8
Added Net: Name=Vdd
