Added Component: Designator=C19(C0603)
Add component (AddParameter): Name = "Brand"; Value = "MURATA"; VariantName = "[No Variations]"
Add component (AddParameter): Name = "Brand Number"; Value = "GRM188R61C225KE15D"; VariantName = "[No Variations]"
Add component (AddParameter): Name = "Capacitance"; Value = "2.2uF"; VariantName = "[No Variations]"
Add component (AddParameter): Name = "Capacitance Tolerance"; Value = "+/- 10%"; VariantName = "[No Variations]"
Add component (AddParameter): Name = "Capacitor Case Style"; Value = "0603"; VariantName = "[No Variations]"
Add component (AddParameter): Name = "Dielectric Characteristic"; Value = "X5R"; VariantName = "[No Variations]"
Add component (AddParameter): Name = "Order Code Supplier"; Value = "1735526"; VariantName = "[No Variations]"
Add component (AddParameter): Name = "Price"; Value = "0,077"; VariantName = "[No Variations]"
Add component (AddParameter): Name = "Supplier"; Value = "Farnell"; VariantName = "[No Variations]"
Add component (AddParameter): Name = "Temperature Range"; Value = "-55°C to 85°C"; VariantName = "[No Variations]"
Add component (AddParameter): Name = "Voltage Rating"; Value = "16V"; VariantName = "[No Variations]"
Added Component: Designator=D8(SMA)
Add component (AddParameter): Name = "Brand"; Value = "MULTICOMP"; VariantName = "[No Variations]"
Add component (AddParameter): Name = "Brand Number"; Value = "SMAJ58A"; VariantName = "[No Variations]"
Add component (AddParameter): Name = "Breakdown Voltage"; Value = "71.2V"; VariantName = "[No Variations]"
Add component (AddParameter): Name = "Case Style"; Value = "SMA"; VariantName = "[No Variations]"
Add component (AddParameter): Name = "Clamping Voltage"; Value = "93.6V"; VariantName = "[No Variations]"
Add component (AddParameter): Name = "Ippm"; Value = "4.3A"; VariantName = "[No Variations]"
Add component (AddParameter): Name = "Order Code Supplier"; Value = "1579005"; VariantName = "[No Variations]"
Add component (AddParameter): Name = "Price"; Value = "0,166"; VariantName = "[No Variations]"
Add component (AddParameter): Name = "Supplier"; Value = "Farnell"; VariantName = "[No Variations]"
Add component (AddParameter): Name = "Temperature Range"; Value = "-55°C to +150°C"; VariantName = "[No Variations]"
Add component (AddParameter): Name = "Vrwm"; Value = "58V"; VariantName = "[No Variations]"
Added Pin To Net: NetName=GND Pin=C19-1
Added Pin To Net: NetName=Vdd Pin=C19-2
Added Pin To Net: NetName=CGND Pin=D8-1
Added Pin To Net: NetName=Vcan Pin=D8-2
Added Member To Class: ClassName=Controller Member=Component C19 2.2uF
Added Member To Class: ClassName=CAN Member=Component D8 SMAJ58A
