Removed Pin From Net: NetName=GND Pin=C29-1
Removed Pin From Net: NetName=Vb Pin=C29-2
Removed Pin From Net: NetName=Vb Pin=C30-2
Removed Pin From Net: NetName=Vb Pin=C31-2
Removed Pin From Net: NetName=Vdd Pin=C38-2
Removed Pin From Net: NetName=VSW Pin=C39-1
Removed Pin From Net: NetName=GND Pin=C61-2
Removed Pin From Net: NetName=GND Pin=C62-2
Removed Pin From Net: NetName=HSG Pin=Q1-G1
Removed Pin From Net: NetName=HSG Pin=Q1-G2
Removed Pin From Net: NetName=VSW Pin=Q2-D
Removed Pin From Net: NetName=LSG Pin=Q2-G1
Removed Pin From Net: NetName=LSG Pin=Q2-G2
Removed Pin From Net: NetName=NetD2_2 Pin=R22-2
Removed Pin From Net: NetName=NetD3_2 Pin=R23-2
Removed Pin From Net: NetName=LSG Pin=R24-2
Removed Pin From Net: NetName=GND Pin=R25-1
Removed Pin From Net: NetName=LSG Pin=R25-2
Removed Pin From Net: NetName=HSG Pin=R26-2
Removed Pin From Net: NetName=VSW Pin=R27-1
Removed Pin From Net: NetName=HSG Pin=R27-2
Removed Pin From Net: NetName=LO Pin=U4-3
Removed Member From Class: ClassName=PowerElectronics Member=C29
Removed Member From Class: ClassName=PowerElectronics Member=C30
Removed Member From Class: ClassName=PowerElectronics Member=C31
Removed Member From Class: ClassName=PowerElectronics Member=C32
Removed Member From Class: ClassName=PowerElectronics Member=C33
Removed Member From Class: ClassName=PowerElectronics Member=C61
Removed Member From Class: ClassName=PowerElectronics Member=C62
Removed Member From Class: ClassName=PowerElectronics Member=MP1
Removed Member From Class: ClassName=PowerElectronics Member=MP2
Removed Member From Class: ClassName=PowerElectronics Member=Q1
Removed Member From Class: ClassName=PowerElectronics Member=Q2
Removed Member From Class: ClassName=HV Member=HSG
Removed Member From Class: ClassName=HV Member=NetC39_2
Removed Member From Class: ClassName=HV Member=NetC61_1
Removed Member From Class: ClassName=HV Member=NetC62_1
Removed Member From Class: ClassName=HV Member=NetR26_1
Removed Member From Class: ClassName=HV Member=VSW
Change Component Footprint: Designator=C36 Old Footprint=C0603 New Footprint=C-1206
Change Component Footprint: Designator=C37 Old Footprint=C0603 New Footprint=C-1206
Change Component Footprint: Designator=C38 Old Footprint=C0603 New Footprint=C-1206
Change Component Footprint: Designator=C30 Old Footprint=C-1206 New Footprint=C0603
Change Component Footprint: Designator=C31 Old Footprint=C-1206 New Footprint=C0603
Change Component Footprint: Designator=C61 Old Footprint=C-1206 New Footprint=C0603
Change Component Comment : Designator=R22 Old Comment=0R New Comment=2R
Change Component Comment : Designator=R23 Old Comment=0R New Comment=49.9K
Change Component Comment : Designator=C30 Old Comment=1uF New Comment=2.2uF
Change Component Comment : Designator=C29 Old Comment=1uF New Comment=100nF
Change Component Comment : Designator=C31 Old Comment=1uF New Comment=100nF
Change Component Comment : Designator=C36 Old Comment=2.2uF New Comment=1uF
Change Component Comment : Designator=C39 Old Comment=2.2uF New Comment=100nF
Change Component Comment : Designator=R26 Old Comment=2R New Comment=0R
Change Component Comment : Designator=R24 Old Comment=2R New Comment=10K
Change Component Comment : Designator=R25 Old Comment=10K New Comment=0R
Change Component Comment : Designator=R27 Old Comment=10K New Comment=2R
Change Component Comment : Designator=C37 Old Comment=100nF New Comment=1uF
Change Component Comment : Designator=C38 Old Comment=100nF New Comment=1uF
Change Component Comment : Designator=C40 Old Comment=100nF New Comment=2.2uF
Change component parameters: Designator = "C29" ("C29"); Footprint = "C-1206"; UniqueID = "\QUGMSSLT\BKJWUJUD\SAAWSDOG" ("\QUGMSSLT\BKJWUJUD\SAAWSDOG")
Change component parameters (AddParameter): Name = "Brand"; Value = "KEMET"; VariantName = "[No Variations]"
Change component parameters (AddParameter): Name = "Brand Number"; Value = "C1206C104K1RACTU"; VariantName = "[No Variations]"
Change component parameters (AddParameter): Name = "Capacitance"; Value = "100nF"; VariantName = "[No Variations]"
Change component parameters (AddParameter): Name = "Capacitance Tolerance"; Value = "± 10%"; VariantName = "[No Variations]"
Change component parameters (AddParameter): Name = "Capacitor Case Style"; Value = "1206"; VariantName = "[No Variations]"
Change component parameters (AddParameter): Name = "Dielectric Characteristic"; Value = "X7R"; VariantName = "[No Variations]"
Change component parameters (AddParameter): Name = "Order Code Supplier"; Value = "1414714"; VariantName = "[No Variations]"
Change component parameters (AddParameter): Name = "Price"; Value = "0,079"; VariantName = "[No Variations]"
Change component parameters (AddParameter): Name = "Supplier"; Value = "Farnell"; VariantName = "[No Variations]"
Change component parameters (AddParameter): Name = "Temperature Range"; Value = "-55°C to +125°C"; VariantName = "[No Variations]"
Change component parameters (AddParameter): Name = "Voltage Rating"; Value = "100V"; VariantName = "[No Variations]"
Change component parameters: Designator = "R23" ("R23"); Footprint = "0603"; UniqueID = "\QUGMSSLT\BKJWUJUD\YNJIQYQT" ("\QUGMSSLT\BKJWUJUD\YNJIQYQT")
Change component parameters (AddParameter): Name = "Brand"; Value = "VISHAY DRALORIC"; VariantName = "[No Variations]"
Change component parameters (AddParameter): Name = "Brand Number"; Value = "CRCW060349K9FKEA"; VariantName = "[No Variations]"
Change component parameters (AddParameter): Name = "Case Style"; Value = "0603"; VariantName = "[No Variations]"
Change component parameters (AddParameter): Name = "Order Code Supplier"; Value = "1652882"; VariantName = "[No Variations]"
Change component parameters (AddParameter): Name = "Power Rating"; Value = "0.063W"; VariantName = "[No Variations]"
Change component parameters (AddParameter): Name = "Price"; Value = "0,015"; VariantName = "[No Variations]"
Change component parameters (AddParameter): Name = "Resistance"; Value = "49.9K"; VariantName = "[No Variations]"
Change component parameters (AddParameter): Name = "Supplier"; Value = "Farnell"; VariantName = "[No Variations]"
Change component parameters (AddParameter): Name = "Temperature Coefficient"; Value = "± 100PPM"; VariantName = "[No Variations]"
Change component parameters (AddParameter): Name = "Temperature Range"; Value = "-55°C to +125°C"; VariantName = "[No Variations]"
Change component parameters (AddParameter): Name = "Voltage Rating"; Value = "50V"; VariantName = "[No Variations]"
Change component parameters: Designator = "R25" ("R25"); Footprint = "0603"; UniqueID = "\QUGMSSLT\BKJWUJUD\KZSVADWC" ("\QUGMSSLT\BKJWUJUD\KZSVADWC")
Change component parameters (AddParameter): Name = "Brand"; Value = "VISHAY DRALORIC"; VariantName = "[No Variations]"
Change component parameters (AddParameter): Name = "Brand Number"; Value = "CRCW06030000Z0EA"; VariantName = "[No Variations]"
Change component parameters (AddParameter): Name = "Case Style"; Value = "0603"; VariantName = "[No Variations]"
Change component parameters (AddParameter): Name = "Order Code Supplier"; Value = "2122112"; VariantName = "[No Variations]"
Change component parameters (AddParameter): Name = "Power Rating"; Value = "0.063W"; VariantName = "[No Variations]"
Change component parameters (AddParameter): Name = "Price"; Value = "0,043"; VariantName = "[No Variations]"
Change component parameters (AddParameter): Name = "Resistance"; Value = "0R"; VariantName = "[No Variations]"
Change component parameters (AddParameter): Name = "Supplier"; Value = "Farnell"; VariantName = "[No Variations]"
Change component parameters (AddParameter): Name = "Temperature Coefficient"; Value = "± 200PPM"; VariantName = "[No Variations]"
Change component parameters (AddParameter): Name = "Temperature Range"; Value = "-55°C to +125°C"; VariantName = "[No Variations]"
Change component parameters (AddParameter): Name = "Voltage Rating"; Value = "50V"; VariantName = "[No Variations]"
Change component parameters: Designator = "C61" ("C61"); Footprint = "C-1206"; UniqueID = "\QUGMSSLT\BKJWUJUD\OBUKLKBL" ("\QUGMSSLT\BKJWUJUD\OBUKLKBL")
Change component parameters (AddParameter): Name = "Brand"; Value = "MULTICOMP"; VariantName = "[No Variations]"
Change component parameters (AddParameter): Name = "Brand Number"; Value = "MCCA000255"; VariantName = "[No Variations]"
Change component parameters (AddParameter): Name = "Capacitance"; Value = "100nF"; VariantName = "[No Variations]"
Change component parameters (AddParameter): Name = "Capacitance Tolerance"; Value = "± 10%"; VariantName = "[No Variations]"
Change component parameters (AddParameter): Name = "Capacitor Case Style"; Value = "0603"; VariantName = "[No Variations]"
Change component parameters (AddParameter): Name = "Dielectric Characteristic"; Value = "X7R"; VariantName = "[No Variations]"
Change component parameters (AddParameter): Name = "Order Code Supplier"; Value = "1759122RL"; VariantName = "[No Variations]"
Change component parameters (AddParameter): Name = "Price"; Value = "0,008"; VariantName = "[No Variations]"
Change component parameters (AddParameter): Name = "Supplier"; Value = "Farnell"; VariantName = "[No Variations]"
Change component parameters (AddParameter): Name = "Temperature Range"; Value = "-55°C to +125°C"; VariantName = "[No Variations]"
Change component parameters (AddParameter): Name = "Voltage Rating"; Value = "50V"; VariantName = "[No Variations]"
Change component parameters: Designator = "C31" ("C31"); Footprint = "C-1206"; UniqueID = "\QUGMSSLT\BKJWUJUD\KKTUUMYN" ("\QUGMSSLT\BKJWUJUD\KKTUUMYN")
Change component parameters (AddParameter): Name = "Brand"; Value = "MULTICOMP"; VariantName = "[No Variations]"
Change component parameters (AddParameter): Name = "Brand Number"; Value = "MCCA000255"; VariantName = "[No Variations]"
Change component parameters (AddParameter): Name = "Capacitance"; Value = "100nF"; VariantName = "[No Variations]"
Change component parameters (AddParameter): Name = "Capacitance Tolerance"; Value = "± 10%"; VariantName = "[No Variations]"
Change component parameters (AddParameter): Name = "Capacitor Case Style"; Value = "0603"; VariantName = "[No Variations]"
Change component parameters (AddParameter): Name = "Dielectric Characteristic"; Value = "X7R"; VariantName = "[No Variations]"
Change component parameters (AddParameter): Name = "Order Code Supplier"; Value = "1759122RL"; VariantName = "[No Variations]"
Change component parameters (AddParameter): Name = "Price"; Value = "0,008"; VariantName = "[No Variations]"
Change component parameters (AddParameter): Name = "Supplier"; Value = "Farnell"; VariantName = "[No Variations]"
Change component parameters (AddParameter): Name = "Temperature Range"; Value = "-55°C to +125°C"; VariantName = "[No Variations]"
Change component parameters (AddParameter): Name = "Voltage Rating"; Value = "50V"; VariantName = "[No Variations]"
Change component parameters: Designator = "C37" ("C37"); Footprint = "C0603"; UniqueID = "\QUGMSSLT\BKJWUJUD\KPEQFMGJ" ("\QUGMSSLT\BKJWUJUD\KPEQFMGJ")
Change component parameters (AddParameter): Name = "Brand"; Value = "AVX"; VariantName = "[No Variations]"
Change component parameters (AddParameter): Name = "Brand Number"; Value = "12061C105K4Z2A"; VariantName = "[No Variations]"
Change component parameters (AddParameter): Name = "Capacitance"; Value = "1uF"; VariantName = "[No Variations]"
Change component parameters (AddParameter): Name = "Capacitance Tolerance"; Value = "± 10%"; VariantName = "[No Variations]"
Change component parameters (AddParameter): Name = "Capacitor Case Style"; Value = "1206"; VariantName = "[No Variations]"
Change component parameters (AddParameter): Name = "Dielectric Characteristic"; Value = "X7R"; VariantName = "[No Variations]"
Change component parameters (AddParameter): Name = "Order Code Supplier"; Value = "1833855"; VariantName = "[No Variations]"
Change component parameters (AddParameter): Name = "Price"; Value = "0,52"; VariantName = "[No Variations]"
Change component parameters (AddParameter): Name = "Supplier"; Value = "Farnell"; VariantName = "[No Variations]"
Change component parameters (AddParameter): Name = "Temperature Range"; Value = "-55°C to +125°C"; VariantName = "[No Variations]"
Change component parameters (AddParameter): Name = "Voltage Rating"; Value = "100V"; VariantName = "[No Variations]"
Change component parameters: Designator = "C38" ("C38"); Footprint = "C0603"; UniqueID = "\QUGMSSLT\BKJWUJUD\ZQLQCJBQ" ("\QUGMSSLT\BKJWUJUD\ZQLQCJBQ")
Change component parameters (AddParameter): Name = "Brand"; Value = "AVX"; VariantName = "[No Variations]"
Change component parameters (AddParameter): Name = "Brand Number"; Value = "12061C105K4Z2A"; VariantName = "[No Variations]"
Change component parameters (AddParameter): Name = "Capacitance"; Value = "1uF"; VariantName = "[No Variations]"
Change component parameters (AddParameter): Name = "Capacitance Tolerance"; Value = "± 10%"; VariantName = "[No Variations]"
Change component parameters (AddParameter): Name = "Capacitor Case Style"; Value = "1206"; VariantName = "[No Variations]"
Change component parameters (AddParameter): Name = "Dielectric Characteristic"; Value = "X7R"; VariantName = "[No Variations]"
Change component parameters (AddParameter): Name = "Order Code Supplier"; Value = "1833855"; VariantName = "[No Variations]"
Change component parameters (AddParameter): Name = "Price"; Value = "0,52"; VariantName = "[No Variations]"
Change component parameters (AddParameter): Name = "Supplier"; Value = "Farnell"; VariantName = "[No Variations]"
Change component parameters (AddParameter): Name = "Temperature Range"; Value = "-55°C to +125°C"; VariantName = "[No Variations]"
Change component parameters (AddParameter): Name = "Voltage Rating"; Value = "100V"; VariantName = "[No Variations]"
Change component parameters: Designator = "R22" ("R22"); Footprint = "0603"; UniqueID = "\QUGMSSLT\BKJWUJUD\GCHWKFAN" ("\QUGMSSLT\BKJWUJUD\GCHWKFAN")
Change component parameters (AddParameter): Name = "Brand"; Value = "PANASONIC"; VariantName = "[No Variations]"
Change component parameters (AddParameter): Name = "Brand Number"; Value = "ERJ3GEYJ2R0V"; VariantName = "[No Variations]"
Change component parameters (AddParameter): Name = "Case Style"; Value = "0603"; VariantName = "[No Variations]"
Change component parameters (AddParameter): Name = "Order Code Supplier"; Value = "2059531"; VariantName = "[No Variations]"
Change component parameters (AddParameter): Name = "Power Rating"; Value = "0.1W"; VariantName = "[No Variations]"
Change component parameters (AddParameter): Name = "Price"; Value = "0,009"; VariantName = "[No Variations]"
Change component parameters (AddParameter): Name = "Resistance"; Value = "2R"; VariantName = "[No Variations]"
Change component parameters (AddParameter): Name = "Supplier"; Value = "Farnell"; VariantName = "[No Variations]"
Change component parameters (AddParameter): Name = "Temperature Coefficient"; Value = "± 200PPM"; VariantName = "[No Variations]"
Change component parameters (AddParameter): Name = "Temperature Range"; Value = "-55°C to +125°C"; VariantName = "[No Variations]"
Change component parameters (AddParameter): Name = "Voltage Rating"; Value = "75V"; VariantName = "[No Variations]"
Change component parameters: Designator = "R26" ("R26"); Footprint = "0603"; UniqueID = "\QUGMSSLT\BKJWUJUD\FTNUKUJO" ("\QUGMSSLT\BKJWUJUD\FTNUKUJO")
Change component parameters (AddParameter): Name = "Brand"; Value = "VISHAY DRALORIC"; VariantName = "[No Variations]"
Change component parameters (AddParameter): Name = "Brand Number"; Value = "CRCW06030000Z0EA"; VariantName = "[No Variations]"
Change component parameters (AddParameter): Name = "Case Style"; Value = "0603"; VariantName = "[No Variations]"
Change component parameters (AddParameter): Name = "Order Code Supplier"; Value = "2122112"; VariantName = "[No Variations]"
Change component parameters (AddParameter): Name = "Power Rating"; Value = "0.063W"; VariantName = "[No Variations]"
Change component parameters (AddParameter): Name = "Price"; Value = "0,043"; VariantName = "[No Variations]"
Change component parameters (AddParameter): Name = "Resistance"; Value = "0R"; VariantName = "[No Variations]"
Change component parameters (AddParameter): Name = "Supplier"; Value = "Farnell"; VariantName = "[No Variations]"
Change component parameters (AddParameter): Name = "Temperature Coefficient"; Value = "± 200PPM"; VariantName = "[No Variations]"
Change component parameters (AddParameter): Name = "Temperature Range"; Value = "-55°C to +125°C"; VariantName = "[No Variations]"
Change component parameters (AddParameter): Name = "Voltage Rating"; Value = "50V"; VariantName = "[No Variations]"
Change component parameters: Designator = "R24" ("R24"); Footprint = "0603"; UniqueID = "\QUGMSSLT\BKJWUJUD\NMWTRCEP" ("\QUGMSSLT\BKJWUJUD\NMWTRCEP")
Change component parameters (AddParameter): Name = "Brand"; Value = "VISHAY DRALORIC"; VariantName = "[No Variations]"
Change component parameters (AddParameter): Name = "Brand Number"; Value = "CRCW060310K0FKEA"; VariantName = "[No Variations]"
Change component parameters (AddParameter): Name = "Case Style"; Value = "0603"; VariantName = "[No Variations]"
Change component parameters (AddParameter): Name = "Order Code Supplier"; Value = "2122493"; VariantName = "[No Variations]"
Change component parameters (AddParameter): Name = "Power Rating"; Value = "0.063W"; VariantName = "[No Variations]"
Change component parameters (AddParameter): Name = "Price"; Value = "0,038"; VariantName = "[No Variations]"
Change component parameters (AddParameter): Name = "Resistance"; Value = "10K"; VariantName = "[No Variations]"
Change component parameters (AddParameter): Name = "Supplier"; Value = "Farnell"; VariantName = "[No Variations]"
Change component parameters (AddParameter): Name = "Temperature Coefficient"; Value = "± 100PPM"; VariantName = "[No Variations]"
Change component parameters (AddParameter): Name = "Temperature Range"; Value = "-55°C to +125°C"; VariantName = "[No Variations]"
Change component parameters (AddParameter): Name = "Voltage Rating"; Value = "50V"; VariantName = "[No Variations]"
Change component parameters: Designator = "R27" ("R27"); Footprint = "0603"; UniqueID = "\QUGMSSLT\BKJWUJUD\WDISUZII" ("\QUGMSSLT\BKJWUJUD\WDISUZII")
Change component parameters (AddParameter): Name = "Brand"; Value = "PANASONIC"; VariantName = "[No Variations]"
Change component parameters (AddParameter): Name = "Brand Number"; Value = "ERJ3GEYJ2R0V"; VariantName = "[No Variations]"
Change component parameters (AddParameter): Name = "Case Style"; Value = "0603"; VariantName = "[No Variations]"
Change component parameters (AddParameter): Name = "Order Code Supplier"; Value = "2059531"; VariantName = "[No Variations]"
Change component parameters (AddParameter): Name = "Power Rating"; Value = "0.1W"; VariantName = "[No Variations]"
Change component parameters (AddParameter): Name = "Price"; Value = "0,009"; VariantName = "[No Variations]"
Change component parameters (AddParameter): Name = "Resistance"; Value = "2R"; VariantName = "[No Variations]"
Change component parameters (AddParameter): Name = "Supplier"; Value = "Farnell"; VariantName = "[No Variations]"
Change component parameters (AddParameter): Name = "Temperature Coefficient"; Value = "± 200PPM"; VariantName = "[No Variations]"
Change component parameters (AddParameter): Name = "Temperature Range"; Value = "-55°C to +125°C"; VariantName = "[No Variations]"
Change component parameters (AddParameter): Name = "Voltage Rating"; Value = "75V"; VariantName = "[No Variations]"
Change component parameters: Designator = "C39" ("C39"); Footprint = "C0603"; UniqueID = "\QUGMSSLT\BKJWUJUD\THACPRUE" ("\QUGMSSLT\BKJWUJUD\THACPRUE")
Change component parameters (AddParameter): Name = "Brand"; Value = "MULTICOMP"; VariantName = "[No Variations]"
Change component parameters (AddParameter): Name = "Brand Number"; Value = "MCCA000255"; VariantName = "[No Variations]"
Change component parameters (AddParameter): Name = "Capacitance"; Value = "100nF"; VariantName = "[No Variations]"
Change component parameters (AddParameter): Name = "Capacitance Tolerance"; Value = "± 10%"; VariantName = "[No Variations]"
Change component parameters (AddParameter): Name = "Capacitor Case Style"; Value = "0603"; VariantName = "[No Variations]"
Change component parameters (AddParameter): Name = "Dielectric Characteristic"; Value = "X7R"; VariantName = "[No Variations]"
Change component parameters (AddParameter): Name = "Order Code Supplier"; Value = "1759122RL"; VariantName = "[No Variations]"
Change component parameters (AddParameter): Name = "Price"; Value = "0,008"; VariantName = "[No Variations]"
Change component parameters (AddParameter): Name = "Supplier"; Value = "Farnell"; VariantName = "[No Variations]"
Change component parameters (AddParameter): Name = "Temperature Range"; Value = "-55°C to +125°C"; VariantName = "[No Variations]"
Change component parameters (AddParameter): Name = "Voltage Rating"; Value = "50V"; VariantName = "[No Variations]"
Change component parameters: Designator = "C40" ("C40"); Footprint = "C0603"; UniqueID = "\QUGMSSLT\BKJWUJUD\HPOGZHND" ("\QUGMSSLT\BKJWUJUD\HPOGZHND")
Change component parameters (AddParameter): Name = "Brand"; Value = "MURATA"; VariantName = "[No Variations]"
Change component parameters (AddParameter): Name = "Brand Number"; Value = "GRM188R61C225KE15D"; VariantName = "[No Variations]"
Change component parameters (AddParameter): Name = "Capacitance"; Value = "2.2uF"; VariantName = "[No Variations]"
Change component parameters (AddParameter): Name = "Capacitance Tolerance"; Value = "+/- 10%"; VariantName = "[No Variations]"
Change component parameters (AddParameter): Name = "Capacitor Case Style"; Value = "0603"; VariantName = "[No Variations]"
Change component parameters (AddParameter): Name = "Dielectric Characteristic"; Value = "X5R"; VariantName = "[No Variations]"
Change component parameters (AddParameter): Name = "Order Code Supplier"; Value = "1735526"; VariantName = "[No Variations]"
Change component parameters (AddParameter): Name = "Price"; Value = "0,077"; VariantName = "[No Variations]"
Change component parameters (AddParameter): Name = "Supplier"; Value = "Farnell"; VariantName = "[No Variations]"
Change component parameters (AddParameter): Name = "Temperature Range"; Value = "-55°C to 85°C"; VariantName = "[No Variations]"
Change component parameters (AddParameter): Name = "Voltage Rating"; Value = "16V"; VariantName = "[No Variations]"
Change component parameters: Designator = "C30" ("C30"); Footprint = "C-1206"; UniqueID = "\QUGMSSLT\BKJWUJUD\KUQCPOGS" ("\QUGMSSLT\BKJWUJUD\KUQCPOGS")
Change component parameters (AddParameter): Name = "Brand"; Value = "MURATA"; VariantName = "[No Variations]"
Change component parameters (AddParameter): Name = "Brand Number"; Value = "GRM188R61C225KE15D"; VariantName = "[No Variations]"
Change component parameters (AddParameter): Name = "Capacitance"; Value = "2.2uF"; VariantName = "[No Variations]"
Change component parameters (AddParameter): Name = "Capacitance Tolerance"; Value = "+/- 10%"; VariantName = "[No Variations]"
Change component parameters (AddParameter): Name = "Capacitor Case Style"; Value = "0603"; VariantName = "[No Variations]"
Change component parameters (AddParameter): Name = "Dielectric Characteristic"; Value = "X5R"; VariantName = "[No Variations]"
Change component parameters (AddParameter): Name = "Order Code Supplier"; Value = "1735526"; VariantName = "[No Variations]"
Change component parameters (AddParameter): Name = "Price"; Value = "0,077"; VariantName = "[No Variations]"
Change component parameters (AddParameter): Name = "Supplier"; Value = "Farnell"; VariantName = "[No Variations]"
Change component parameters (AddParameter): Name = "Temperature Range"; Value = "-55°C to 85°C"; VariantName = "[No Variations]"
Change component parameters (AddParameter): Name = "Voltage Rating"; Value = "16V"; VariantName = "[No Variations]"
Change component parameters: Designator = "C36" ("C36"); Footprint = "C0603"; UniqueID = "\QUGMSSLT\BKJWUJUD\VZLTDABI" ("\QUGMSSLT\BKJWUJUD\VZLTDABI")
Change component parameters (AddParameter): Name = "Brand"; Value = "AVX"; VariantName = "[No Variations]"
Change component parameters (AddParameter): Name = "Brand Number"; Value = "12061C105K4Z2A"; VariantName = "[No Variations]"
Change component parameters (AddParameter): Name = "Capacitance"; Value = "1uF"; VariantName = "[No Variations]"
Change component parameters (AddParameter): Name = "Capacitance Tolerance"; Value = "± 10%"; VariantName = "[No Variations]"
Change component parameters (AddParameter): Name = "Capacitor Case Style"; Value = "1206"; VariantName = "[No Variations]"
Change component parameters (AddParameter): Name = "Dielectric Characteristic"; Value = "X7R"; VariantName = "[No Variations]"
Change component parameters (AddParameter): Name = "Order Code Supplier"; Value = "1833855"; VariantName = "[No Variations]"
Change component parameters (AddParameter): Name = "Price"; Value = "0,52"; VariantName = "[No Variations]"
Change component parameters (AddParameter): Name = "Supplier"; Value = "Farnell"; VariantName = "[No Variations]"
Change component parameters (AddParameter): Name = "Temperature Range"; Value = "-55°C to +125°C"; VariantName = "[No Variations]"
Change component parameters (AddParameter): Name = "Voltage Rating"; Value = "100V"; VariantName = "[No Variations]"
Added Component: Designator=C27(C-1206)
Add component (AddParameter): Name = "Brand"; Value = "KEMET"; VariantName = "[No Variations]"
Add component (AddParameter): Name = "Brand Number"; Value = "C1206C104K1RACTU"; VariantName = "[No Variations]"
Add component (AddParameter): Name = "Capacitance"; Value = "100nF"; VariantName = "[No Variations]"
Add component (AddParameter): Name = "Capacitance Tolerance"; Value = "± 10%"; VariantName = "[No Variations]"
Add component (AddParameter): Name = "Capacitor Case Style"; Value = "1206"; VariantName = "[No Variations]"
Add component (AddParameter): Name = "Dielectric Characteristic"; Value = "X7R"; VariantName = "[No Variations]"
Add component (AddParameter): Name = "Order Code Supplier"; Value = "1414714"; VariantName = "[No Variations]"
Add component (AddParameter): Name = "Price"; Value = "0,079"; VariantName = "[No Variations]"
Add component (AddParameter): Name = "Supplier"; Value = "Farnell"; VariantName = "[No Variations]"
Add component (AddParameter): Name = "Temperature Range"; Value = "-55°C to +125°C"; VariantName = "[No Variations]"
Add component (AddParameter): Name = "Voltage Rating"; Value = "100V"; VariantName = "[No Variations]"
Added Component: Designator=J3(U_FL)
Add component (AddParameter): Name = "Brand"; Value = "Hiroze"; VariantName = "[No Variations]"
Add component (AddParameter): Name = "Brand Number"; Value = "U.FL-R-SMT(01)"; VariantName = "[No Variations]"
Add component (AddParameter): Name = "Case Style"; Value = "U_FL"; VariantName = "[No Variations]"
Add component (AddParameter): Name = "Order Code Supplier"; Value = "3908021"; VariantName = "[No Variations]"
Add component (AddParameter): Name = "Price"; Value = "1,53"; VariantName = "[No Variations]"
Add component (AddParameter): Name = "Supplier"; Value = "Farnell"; VariantName = "[No Variations]"
Added Component: Designator=J5(U_FL)
Add component (AddParameter): Name = "Brand"; Value = "Hiroze"; VariantName = "[No Variations]"
Add component (AddParameter): Name = "Brand Number"; Value = "U.FL-R-SMT(01)"; VariantName = "[No Variations]"
Add component (AddParameter): Name = "Case Style"; Value = "U_FL"; VariantName = "[No Variations]"
Add component (AddParameter): Name = "Order Code Supplier"; Value = "3908021"; VariantName = "[No Variations]"
Add component (AddParameter): Name = "Price"; Value = "1,53"; VariantName = "[No Variations]"
Add component (AddParameter): Name = "Supplier"; Value = "Farnell"; VariantName = "[No Variations]"
Added Component: Designator=R46(0603)
Add component (AddParameter): Name = "Brand"; Value = "VISHAY DRALORIC"; VariantName = "[No Variations]"
Add component (AddParameter): Name = "Brand Number"; Value = "CRCW060349K9FKEA"; VariantName = "[No Variations]"
Add component (AddParameter): Name = "Case Style"; Value = "0603"; VariantName = "[No Variations]"
Add component (AddParameter): Name = "Order Code Supplier"; Value = "1652882"; VariantName = "[No Variations]"
Add component (AddParameter): Name = "Power Rating"; Value = "0.063W"; VariantName = "[No Variations]"
Add component (AddParameter): Name = "Price"; Value = "0,015"; VariantName = "[No Variations]"
Add component (AddParameter): Name = "Resistance"; Value = "49.9K"; VariantName = "[No Variations]"
Add component (AddParameter): Name = "Supplier"; Value = "Farnell"; VariantName = "[No Variations]"
Add component (AddParameter): Name = "Temperature Coefficient"; Value = "± 100PPM"; VariantName = "[No Variations]"
Add component (AddParameter): Name = "Temperature Range"; Value = "-55°C to +125°C"; VariantName = "[No Variations]"
Add component (AddParameter): Name = "Voltage Rating"; Value = "50V"; VariantName = "[No Variations]"
Added Component: Designator=R50(0603)
Add component (AddParameter): Name = "Brand"; Value = "VISHAY DRALORIC"; VariantName = "[No Variations]"
Add component (AddParameter): Name = "Brand Number"; Value = "CRCW060310K0FKEA"; VariantName = "[No Variations]"
Add component (AddParameter): Name = "Case Style"; Value = "0603"; VariantName = "[No Variations]"
Add component (AddParameter): Name = "Order Code Supplier"; Value = "2122493"; VariantName = "[No Variations]"
Add component (AddParameter): Name = "Power Rating"; Value = "0.063W"; VariantName = "[No Variations]"
Add component (AddParameter): Name = "Price"; Value = "0,038"; VariantName = "[No Variations]"
Add component (AddParameter): Name = "Resistance"; Value = "10K"; VariantName = "[No Variations]"
Add component (AddParameter): Name = "Supplier"; Value = "Farnell"; VariantName = "[No Variations]"
Add component (AddParameter): Name = "Temperature Coefficient"; Value = "± 100PPM"; VariantName = "[No Variations]"
Add component (AddParameter): Name = "Temperature Range"; Value = "-55°C to +125°C"; VariantName = "[No Variations]"
Add component (AddParameter): Name = "Voltage Rating"; Value = "50V"; VariantName = "[No Variations]"
Added Pin To Net: NetName=GND Pin=C27-2
Added Pin To Net: NetName=GND Pin=C29-2
Added Pin To Net: NetName=Vb Pin=C36-2
Added Pin To Net: NetName=Vb Pin=C37-2
Added Pin To Net: NetName=Vb Pin=C38-2
Added Pin To Net: NetName=GND Pin=C39-1
Added Pin To Net: NetName=Vdd Pin=C39-2
Added Pin To Net: NetName=VSW Pin=C61-1
Added Pin To Net: NetName=VSW Pin=J3-0
Added Pin To Net: NetName=VSW Pin=J3-0
Added Pin To Net: NetName=GND Pin=J5-0
Added Pin To Net: NetName=GND Pin=J5-0
Added Pin To Net: NetName=HSG Pin=R22-1
Added Pin To Net: NetName=VSW Pin=R24-1
Added Pin To Net: NetName=NetD2_2 Pin=R25-2
Added Pin To Net: NetName=NetD3_2 Pin=R26-2
Added Pin To Net: NetName=LSG Pin=R27-1
Added Pin To Net: NetName=GND Pin=R50-1
Added Pin To Net: NetName=HSG Pin=U5-9
Added Pin To Net: NetName=LSG Pin=U5-13
Change Net Name : Old Net Name=GND New Net Name=LSS
Change Net Name : Old Net Name=VSW New Net Name=HSS
Added Pin To Net: NetName=NetC27_1 Pin=C27-1
Added Pin To Net: NetName=NetC27_1 Pin=MP1-1
Added Net: Name=NetC27_1
Added Pin To Net: NetName=NetC29_1 Pin=C29-1
Added Pin To Net: NetName=NetC29_1 Pin=MP2-1
Added Net: Name=NetC29_1
Added Pin To Net: NetName=NetC30_2 Pin=C30-2
Added Pin To Net: NetName=NetC30_2 Pin=C31-2
Added Pin To Net: NetName=NetC30_2 Pin=R25-1
Added Pin To Net: NetName=NetC30_2 Pin=U5-14
Added Net: Name=NetC30_2
Added Pin To Net: NetName=NetC40_2 Pin=C40-2
Added Pin To Net: NetName=NetC40_2 Pin=C61-2
Added Pin To Net: NetName=NetC40_2 Pin=R26-1
Added Pin To Net: NetName=NetC40_2 Pin=U5-10
Added Net: Name=NetC40_2
Added Pin To Net: NetName=NetJ3_1 Pin=J3-1
Added Pin To Net: NetName=NetJ3_1 Pin=R23-1
Added Net: Name=NetJ3_1
Added Pin To Net: NetName=NetJ5_1 Pin=J5-1
Added Pin To Net: NetName=NetJ5_1 Pin=R46-1
Added Net: Name=NetJ5_1
Added Pin To Net: NetName=NetQ1_G1 Pin=Q1-G1
Added Pin To Net: NetName=NetQ1_G1 Pin=R22-2
Added Net: Name=NetQ1_G1
Added Pin To Net: NetName=NetQ1_G2 Pin=Q1-G2
Added Pin To Net: NetName=NetQ1_G2 Pin=R23-2
Added Pin To Net: NetName=NetQ1_G2 Pin=R24-2
Added Net: Name=NetQ1_G2
Added Pin To Net: NetName=NetQ2_G1 Pin=Q2-G1
Added Pin To Net: NetName=NetQ2_G1 Pin=R27-2
Added Net: Name=NetQ2_G1
Added Pin To Net: NetName=NetQ2_G2 Pin=Q2-G2
Added Pin To Net: NetName=NetQ2_G2 Pin=R46-2
Added Pin To Net: NetName=NetQ2_G2 Pin=R50-2
Added Net: Name=NetQ2_G2
Added Pin To Net: NetName=NetU4_3 Pin=U4-3
Added Net: Name=NetU4_3
Change Class Name : Old Net Name=Driver New Net Name=Designator
Added Member To Class: ClassName=Designator Member=Component C27 100nF
Added Member To Class: ClassName=Designator Member=Component C29 100nF
Added Member To Class: ClassName=Designator Member=Component C30 2.2uF
Added Member To Class: ClassName=Designator Member=Component C31 100nF
Added Member To Class: ClassName=Designator Member=Component C32 1uF
Added Member To Class: ClassName=Designator Member=Component C33 1uF
Added Member To Class: ClassName=Designator Member=Component C61 100nF
Added Member To Class: ClassName=Designator Member=Component J3 U.FL
Added Member To Class: ClassName=Designator Member=Component J5 U.FL
Added Member To Class: ClassName=Designator Member=Component MP1 M2.5x2mm
Added Member To Class: ClassName=Designator Member=Component MP2 M2.5x2mm
Added Member To Class: ClassName=Designator Member=Component Q1 GS61008T
Added Member To Class: ClassName=Designator Member=Component Q2 GS61008T
Added Member To Class: ClassName=Designator Member=Component R46 49.9K
Added Member To Class: ClassName=Designator Member=Component R50 10K
Added Member To Class: ClassName=HV Member=Wire NetC27_1
Added Member To Class: ClassName=HV Member=Wire NetC29_1
Added Room: Name=Designator
