Removed Pin From Net: NetName=VSW Pin=C36-1
Removed Pin From Net: NetName=VSW Pin=C37-1
Removed Pin From Net: NetName=GND Pin=C39-1
Removed Pin From Net: NetName=GND Pin=C40-1
Removed Pin From Net: NetName=HSG Pin=R24-2
Removed Pin From Net: NetName=VSW Pin=R25-1
Removed Pin From Net: NetName=HSG Pin=R25-2
Removed Pin From Net: NetName=LSG Pin=R26-2
Removed Pin From Net: NetName=GND Pin=R27-1
Removed Pin From Net: NetName=LSG Pin=R27-2
Removed Pin From Net: NetName=NetU4_7 Pin=U5-2
Removed Pin From Net: NetName=NetU4_3 Pin=U5-3
Removed Pin From Net: NetName=GND Pin=U5-8
Removed Pin From Net: NetName=VSW Pin=U5-12
Added Pin To Net: NetName=GND Pin=C36-1
Added Pin To Net: NetName=GND Pin=C37-1
Added Pin To Net: NetName=VSW Pin=C39-1
Added Pin To Net: NetName=VSW Pin=C40-1
Added Pin To Net: NetName=LSG Pin=R24-2
Added Pin To Net: NetName=GND Pin=R25-1
Added Pin To Net: NetName=LSG Pin=R25-2
Added Pin To Net: NetName=HSG Pin=R26-2
Added Pin To Net: NetName=VSW Pin=R27-1
Added Pin To Net: NetName=HSG Pin=R27-2
Added Pin To Net: NetName=NetU4_3 Pin=U5-2
Added Pin To Net: NetName=NetU4_7 Pin=U5-3
Added Pin To Net: NetName=VSW Pin=U5-8
Added Pin To Net: NetName=GND Pin=U5-12
