Removed Pin From Net: NetName=GND Pin=MP1-1
Removed Pin From Net: NetName=GND Pin=MP2-1
Added Component: Designator=C61(C-1206)
Add component (AddParameter): Name = "Brand"; Value = "KEMET"; VariantName = "[No Variations]"
Add component (AddParameter): Name = "Brand Number"; Value = "C1206C104K1RACTU"; VariantName = "[No Variations]"
Add component (AddParameter): Name = "Capacitance"; Value = "100nF"; VariantName = "[No Variations]"
Add component (AddParameter): Name = "Capacitance Tolerance"; Value = "± 10%"; VariantName = "[No Variations]"
Add component (AddParameter): Name = "Capacitor Case Style"; Value = "1206"; VariantName = "[No Variations]"
Add component (AddParameter): Name = "Dielectric Characteristic"; Value = "X7R"; VariantName = "[No Variations]"
Add component (AddParameter): Name = "Order Code Supplier"; Value = "1414714"; VariantName = "[No Variations]"
Add component (AddParameter): Name = "Price"; Value = "0,079"; VariantName = "[No Variations]"
Add component (AddParameter): Name = "Supplier"; Value = "Farnell"; VariantName = "[No Variations]"
Add component (AddParameter): Name = "Temperature Range"; Value = "-55°C to +125°C"; VariantName = "[No Variations]"
Add component (AddParameter): Name = "Voltage Rating"; Value = "100V"; VariantName = "[No Variations]"
Added Component: Designator=C62(C-1206)
Add component (AddParameter): Name = "Brand"; Value = "KEMET"; VariantName = "[No Variations]"
Add component (AddParameter): Name = "Brand Number"; Value = "C1206C104K1RACTU"; VariantName = "[No Variations]"
Add component (AddParameter): Name = "Capacitance"; Value = "100nF"; VariantName = "[No Variations]"
Add component (AddParameter): Name = "Capacitance Tolerance"; Value = "± 10%"; VariantName = "[No Variations]"
Add component (AddParameter): Name = "Capacitor Case Style"; Value = "1206"; VariantName = "[No Variations]"
Add component (AddParameter): Name = "Dielectric Characteristic"; Value = "X7R"; VariantName = "[No Variations]"
Add component (AddParameter): Name = "Order Code Supplier"; Value = "1414714"; VariantName = "[No Variations]"
Add component (AddParameter): Name = "Price"; Value = "0,079"; VariantName = "[No Variations]"
Add component (AddParameter): Name = "Supplier"; Value = "Farnell"; VariantName = "[No Variations]"
Add component (AddParameter): Name = "Temperature Range"; Value = "-55°C to +125°C"; VariantName = "[No Variations]"
Add component (AddParameter): Name = "Voltage Rating"; Value = "100V"; VariantName = "[No Variations]"
Added Pin To Net: NetName=GND Pin=C61-2
Added Pin To Net: NetName=GND Pin=C62-2
Added Pin To Net: NetName=NetC61_1 Pin=C61-1
Added Pin To Net: NetName=NetC61_1 Pin=MP1-1
Added Net: Name=NetC61_1
Added Pin To Net: NetName=NetC62_1 Pin=C62-1
Added Pin To Net: NetName=NetC62_1 Pin=MP2-1
Added Net: Name=NetC62_1
Added Member To Class: ClassName=PowerElectronics Member=Component C61 100nF
Added Member To Class: ClassName=PowerElectronics Member=Component C62 100nF
