Removed Member From Class: ClassName=PSU Member=C36
Removed Member From Class: ClassName=PSU Member=C38
Removed Member From Class: ClassName=PSU Member=C40
Removed Member From Class: ClassName=PSU Member=C42
Removed Member From Class: ClassName=PSU Member=C46
Removed Member From Class: ClassName=PSU Member=C47
Removed Member From Class: ClassName=PowerElectronics Member=C49
Removed Member From Class: ClassName=PSU Member=D3
Removed Member From Class: ClassName=PSU Member=D4
Removed Member From Class: ClassName=CAN Member=L2
Removed Member From Class: ClassName=PSU Member=L2
Removed Member From Class: ClassName=USB Member=R18
Removed Member From Class: ClassName=Controller Member=R19
Removed Member From Class: ClassName=USB Member=R19
Removed Member From Class: ClassName=Controller Member=R25
Removed Member From Class: ClassName=PowerElectronics Member=R25
Removed Member From Class: ClassName=PSU Member=R26
Removed Member From Class: ClassName=PSU Member=R27
Removed Member From Class: ClassName=Driver Member=R32
Removed Member From Class: ClassName=PowerElectronics Member=R32
Removed Member From Class: ClassName=CAN Member=R36
Removed Member From Class: ClassName=Controller Member=R36
Removed Member From Class: ClassName=USB Member=R36
Removed Member From Class: ClassName=CAN Member=R37
Removed Member From Class: ClassName=CAN Member=R38
Removed Member From Class: ClassName=CAN Member=R39
Removed Member From Class: ClassName=Controller Member=S1
Removed Member From Class: ClassName=Controller Member=U2
Removed Member From Class: ClassName=PSU Member=U5
Added Member To Class: ClassName=PowerElectronics Member=Component C23 100uF
Added Member To Class: ClassName=PowerElectronics Member=Component C25 100uF
Added Member To Class: ClassName=PowerElectronics Member=Component C27 100uF
Added Member To Class: ClassName=PowerElectronics Member=Component C28 100uF
Added Member To Class: ClassName=PowerElectronics Member=Component C29 1uF
Added Member To Class: ClassName=PowerElectronics Member=Component C30 1uF
Added Member To Class: ClassName=PowerElectronics Member=Component C31 1uF
Added Member To Class: ClassName=PowerElectronics Member=Component C33 1uF
Added Member To Class: ClassName=PowerElectronics Member=Component C35 100nF
Added Member To Class: ClassName=Driver Member=Component C37 100nF
Added Member To Class: ClassName=Driver Member=Component C39 2.2uF
Added Member To Class: ClassName=PSU Member=Component C48 4.7uF
Added Member To Class: ClassName=PSU Member=Component C50 4.7uF
Added Member To Class: ClassName=PSU Member=Component C51 100nF
Added Member To Class: ClassName=PSU Member=Component C52 2.2uF
Added Member To Class: ClassName=PSU Member=Component C53 10uF
Added Member To Class: ClassName=PSU Member=Component C55 10nF
Added Member To Class: ClassName=PSU Member=Component C57 10nF
Added Member To Class: ClassName=PSU Member=Component D5 MMSD701T1G
Added Member To Class: ClassName=PSU Member=Component D6 MMSD701T1G
Added Member To Class: ClassName=PSU Member=Component D7 MMSD701T1G
Added Member To Class: ClassName=CAN Member=Component L3 150uH 0.42A
Added Member To Class: ClassName=PSU Member=Component L4 150uH 0.42A
Added Member To Class: ClassName=ReboostV2_toplevel Member=Component LED1 GRN
Added Member To Class: ClassName=ReboostV2_toplevel Member=Component LED2 RED
Added Member To Class: ClassName=ReboostV2_toplevel Member=Component LED4 GRN
Added Member To Class: ClassName=USB Member=Component R11 10K
Added Member To Class: ClassName=USB Member=Component R12 220R
Added Member To Class: ClassName=USB Member=Component R13 220R
Added Member To Class: ClassName=Controller Member=Component R15 10k
Added Member To Class: ClassName=Controller Member=Component R16 10K
Added Member To Class: ClassName=Controller Member=Component R17 10K
Added Member To Class: ClassName=PowerElectronics Member=Component R20 NTC-100K
Added Member To Class: ClassName=PowerElectronics Member=Component R21 NTC-100K
Added Member To Class: ClassName=Driver Member=Component R22 0R
Added Member To Class: ClassName=Driver Member=Component R23 0R
Added Member To Class: ClassName=Driver Member=Component R24 2R
Added Member To Class: ClassName=CAN Member=Component R28 100K
Added Member To Class: ClassName=CAN Member=Component R29 470
Added Member To Class: ClassName=CAN Member=Component R30 20K
Added Member To Class: ClassName=CAN Member=Component R31 100R
Added Member To Class: ClassName=PSU Member=Component R33 180K
Added Member To Class: ClassName=PSU Member=Component R35 13K
Added Member To Class: ClassName=PSU Member=Component R42 10K
Added Member To Class: ClassName=PSU Member=Component R43 0R
Added Member To Class: ClassName=Controller Member=Component S2 428527320916
Added Member To Class: ClassName=Controller Member=Component U3 STM32G474
Added Member To Class: ClassName=Controller Member=Component U4 74LVC2G08
Added Member To Class: ClassName=PSU Member=Component U10 LP2985AIM5-3.3
