Removed Pin From Net: NetName=VHPF Pin=R32-2
Removed Pin From Net: NetName=NetQ3_2 Pin=R34-1
Removed Pin From Net: NetName=VHPF Pin=R34-2
Removed Pin From Net: NetName=GND Pin=R35-1
Removed Pin From Net: NetName=GND Pin=R39-1
Removed Pin From Net: NetName=NetQ3_3 Pin=R39-2
Removed Pin From Net: NetName=NetD5_2 Pin=R41-1
Removed Pin From Net: NetName=Vdds Pin=R41-2
Removed Pin From Net: NetName=GND Pin=R43-1
Removed Member From Class: ClassName=PSU Member=R32
Removed Member From Class: ClassName=PSU Member=R34
Removed Member From Class: ClassName=PSU Member=R35
Removed Member From Class: ClassName=PSU Member=R39
Removed Member From Class: ClassName=PSU Member=R41
Removed Member From Class: ClassName=PSU Member=R43
Added Component: Designator=R?(0603)
Add component (AddParameter): Name = "Brand"; Value = ""; VariantName = "[No Variations]"
Add component (AddParameter): Name = "Brand Number"; Value = ""; VariantName = "[No Variations]"
Add component (AddParameter): Name = "Case Style"; Value = "0603"; VariantName = "[No Variations]"
Add component (AddParameter): Name = "Order Code Supplier"; Value = ""; VariantName = "[No Variations]"
Add component (AddParameter): Name = "Power Rating"; Value = "0.063W"; VariantName = "[No Variations]"
Add component (AddParameter): Name = "Price"; Value = ""; VariantName = "[No Variations]"
Add component (AddParameter): Name = "Resistance"; Value = "47k"; VariantName = "[No Variations]"
Add component (AddParameter): Name = "Supplier"; Value = "Farnell"; VariantName = "[No Variations]"
Add component (AddParameter): Name = "Supplier 1"; Value = "Farnell"; VariantName = "[No Variations]"
Add component (AddParameter): Name = "Supplier Part Number 1"; Value = "1577628"; VariantName = "[No Variations]"
Add component (AddParameter): Name = "Temperature Coefficient"; Value = "± 100PPM"; VariantName = "[No Variations]"
Add component (AddParameter): Name = "Temperature Range"; Value = "-55°C to +125°C"; VariantName = "[No Variations]"
Add component (AddParameter): Name = "Voltage Rating"; Value = "50V"; VariantName = "[No Variations]"
Added Component: Designator=R?(0805)
Add component (AddParameter): Name = "Brand"; Value = "MULTICOMP"; VariantName = "[No Variations]"
Add component (AddParameter): Name = "Brand Number"; Value = "MC 0.1W 0805 1% 510K"; VariantName = "[No Variations]"
Add component (AddParameter): Name = "Case Style"; Value = "0805"; VariantName = "[No Variations]"
Add component (AddParameter): Name = "Order Code Supplier"; Value = "9333347"; VariantName = "[No Variations]"
Add component (AddParameter): Name = "Power Rating"; Value = "0.1W"; VariantName = "[No Variations]"
Add component (AddParameter): Name = "Price"; Value = "0,038"; VariantName = "[No Variations]"
Add component (AddParameter): Name = "Resistance"; Value = "510K"; VariantName = "[No Variations]"
Add component (AddParameter): Name = "Supplier"; Value = "Farnell"; VariantName = "[No Variations]"
Add component (AddParameter): Name = "Temperature Coefficient"; Value = "± 100PPM"; VariantName = "[No Variations]"
Add component (AddParameter): Name = "Temperature Range"; Value = "-55°C to +155°C"; VariantName = "[No Variations]"
Add component (AddParameter): Name = "Voltage Rating"; Value = "150V"; VariantName = "[No Variations]"
Added Component: Designator=R?(0603)
Add component (AddParameter): Name = "Brand"; Value = "VISHAY DRALORIC"; VariantName = "[No Variations]"
Add component (AddParameter): Name = "Brand Number"; Value = "CRCW06031M00FKEA"; VariantName = "[No Variations]"
Add component (AddParameter): Name = "Case Style"; Value = "0603"; VariantName = "[No Variations]"
Add component (AddParameter): Name = "Order Code Supplier"; Value = "2122746"; VariantName = "[No Variations]"
Add component (AddParameter): Name = "Power Rating"; Value = "0.063W"; VariantName = "[No Variations]"
Add component (AddParameter): Name = "Price"; Value = "0,038"; VariantName = "[No Variations]"
Add component (AddParameter): Name = "Resistance"; Value = "1M"; VariantName = "[No Variations]"
Add component (AddParameter): Name = "Supplier"; Value = "Farnell"; VariantName = "[No Variations]"
Add component (AddParameter): Name = "Temperature Coefficient"; Value = "± 100PPM"; VariantName = "[No Variations]"
Add component (AddParameter): Name = "Temperature Range"; Value = "-55°C to +125°C"; VariantName = "[No Variations]"
Add component (AddParameter): Name = "Voltage Rating"; Value = "50V"; VariantName = "[No Variations]"
Added Component: Designator=R?(0805)
Add component (AddParameter): Name = "Brand"; Value = "MULTICOMP"; VariantName = "[No Variations]"
Add component (AddParameter): Name = "Brand Number"; Value = "MC 0.1W 0805 1% 750K"; VariantName = "[No Variations]"
Add component (AddParameter): Name = "Case Style"; Value = "0805"; VariantName = "[No Variations]"
Add component (AddParameter): Name = "Order Code Supplier"; Value = "9333550"; VariantName = "[No Variations]"
Add component (AddParameter): Name = "Power Rating"; Value = "0.1W"; VariantName = "[No Variations]"
Add component (AddParameter): Name = "Price"; Value = "0,018"; VariantName = "[No Variations]"
Add component (AddParameter): Name = "Resistance"; Value = "750K"; VariantName = "[No Variations]"
Add component (AddParameter): Name = "Supplier"; Value = "Farnell"; VariantName = "[No Variations]"
Add component (AddParameter): Name = "Temperature Coefficient"; Value = "± 100PPM"; VariantName = "[No Variations]"
Add component (AddParameter): Name = "Temperature Range"; Value = "-55°C to +155°C"; VariantName = "[No Variations]"
Add component (AddParameter): Name = "Voltage Rating"; Value = "150V"; VariantName = "[No Variations]"
Added Component: Designator=R?(0603)
Add component (AddParameter): Name = "Brand"; Value = "VISHAY DRALORIC"; VariantName = "[No Variations]"
Add component (AddParameter): Name = "Brand Number"; Value = "CRCW060310K0FKEA"; VariantName = "[No Variations]"
Add component (AddParameter): Name = "Case Style"; Value = "0603"; VariantName = "[No Variations]"
Add component (AddParameter): Name = "Order Code Supplier"; Value = "2122493"; VariantName = "[No Variations]"
Add component (AddParameter): Name = "Power Rating"; Value = "0.063W"; VariantName = "[No Variations]"
Add component (AddParameter): Name = "Price"; Value = "0,038"; VariantName = "[No Variations]"
Add component (AddParameter): Name = "Resistance"; Value = "10K"; VariantName = "[No Variations]"
Add component (AddParameter): Name = "Supplier"; Value = "Farnell"; VariantName = "[No Variations]"
Add component (AddParameter): Name = "Temperature Coefficient"; Value = "± 100PPM"; VariantName = "[No Variations]"
Add component (AddParameter): Name = "Temperature Range"; Value = "-55°C to +125°C"; VariantName = "[No Variations]"
Add component (AddParameter): Name = "Voltage Rating"; Value = "50V"; VariantName = "[No Variations]"
Added Pin To Net: NetName=GND Pin=R42-1
Added Pin To Net: NetName=GND Pin=R?-1
Added Pin To Net: NetName=GND Pin=R?-1
Added Pin To Net: NetName=NetD5_2 Pin=R?-1
Added Pin To Net: NetName=NetQ3_2 Pin=R?-1
Added Pin To Net: NetName=NetQ3_3 Pin=R?-2
Added Pin To Net: NetName=Vdds Pin=R?-2
Added Pin To Net: NetName=VHPF Pin=R?-2
Added Pin To Net: NetName=VHPF Pin=R?-2
Added Pin To Net: NetName=NetR?_1 Pin=R?-1
Added Pin To Net: NetName=NetR?_1 Pin=R?-2
Added Pin To Net: NetName=NetR?_1 Pin=U8-12
Added Net: Name=NetR?_1
Added Member To Class: ClassName=PSU Member=Component R? 47k
Added Member To Class: ClassName=PSU Member=Component R? 510K
Added Member To Class: ClassName=PSU Member=Component R? 1M
Added Member To Class: ClassName=PSU Member=Component R? 750K
Added Member To Class: ClassName=PSU Member=Component R? 10K
Added Room: Name=Designator
