Change Component Footprint: Designator=R25 Old Footprint=0805 New Footprint=0603
Change Component Footprint: Designator=R26 Old Footprint=0805 New Footprint=0603
Change Component Footprint: Designator=R34 Old Footprint=0805 New Footprint=0603
Change Component Comment : Designator=R26 Old Comment=510K New Comment=470K
Change component parameters: Designator = "R25" ("R25"); Footprint = "0805"; UniqueID = "\ALVCSZRU\RDMPOBPQ" ("\ALVCSZRU\RDMPOBPQ")
Change component parameters (AddParameter): Name = "Brand"; Value = "VISHAY DRALORIC"; VariantName = "[No Variations]"
Change component parameters (AddParameter): Name = "Brand Number"; Value = "CRCW0603750KFKEA"; VariantName = "[No Variations]"
Change component parameters (AddParameter): Name = "Case Style"; Value = "0603"; VariantName = "[No Variations]"
Change component parameters (AddParameter): Name = "Order Code Supplier"; Value = "2122731"; VariantName = "[No Variations]"
Change component parameters (AddParameter): Name = "Power Rating"; Value = "0.063W"; VariantName = "[No Variations]"
Change component parameters (AddParameter): Name = "Price"; Value = "0,038"; VariantName = "[No Variations]"
Change component parameters (AddParameter): Name = "Resistance"; Value = "750K"; VariantName = "[No Variations]"
Change component parameters (AddParameter): Name = "Supplier"; Value = "Farnell"; VariantName = "[No Variations]"
Change component parameters (AddParameter): Name = "Temperature Coefficient"; Value = "± 100PPM"; VariantName = "[No Variations]"
Change component parameters (AddParameter): Name = "Temperature Range"; Value = "-55°C to +125°C"; VariantName = "[No Variations]"
Change component parameters (AddParameter): Name = "Voltage Rating"; Value = "50V"; VariantName = "[No Variations]"
Change component parameters: Designator = "R34" ("R34"); Footprint = "0805"; UniqueID = "\ALVCSZRU\WQQOATTO" ("\ALVCSZRU\WQQOATTO")
Change component parameters (AddParameter): Name = "Brand"; Value = "VISHAY DRALORIC"; VariantName = "[No Variations]"
Change component parameters (AddParameter): Name = "Brand Number"; Value = "CRCW0603750KFKEA"; VariantName = "[No Variations]"
Change component parameters (AddParameter): Name = "Case Style"; Value = "0603"; VariantName = "[No Variations]"
Change component parameters (AddParameter): Name = "Order Code Supplier"; Value = "2122731"; VariantName = "[No Variations]"
Change component parameters (AddParameter): Name = "Power Rating"; Value = "0.063W"; VariantName = "[No Variations]"
Change component parameters (AddParameter): Name = "Price"; Value = "0,038"; VariantName = "[No Variations]"
Change component parameters (AddParameter): Name = "Resistance"; Value = "750K"; VariantName = "[No Variations]"
Change component parameters (AddParameter): Name = "Supplier"; Value = "Farnell"; VariantName = "[No Variations]"
Change component parameters (AddParameter): Name = "Temperature Coefficient"; Value = "± 100PPM"; VariantName = "[No Variations]"
Change component parameters (AddParameter): Name = "Temperature Range"; Value = "-55°C to +125°C"; VariantName = "[No Variations]"
Change component parameters (AddParameter): Name = "Voltage Rating"; Value = "50V"; VariantName = "[No Variations]"
Change component parameters: Designator = "R26" ("R26"); Footprint = "0805"; UniqueID = "\ALVCSZRU\DACLCMVY" ("\ALVCSZRU\DACLCMVY")
Change component parameters (AddParameter): Name = "Brand"; Value = "VISHAY DRALORIC"; VariantName = "[No Variations]"
Change component parameters (AddParameter): Name = "Brand Number"; Value = "CRCW0603470KFKEA"; VariantName = "[No Variations]"
Change component parameters (AddParameter): Name = "Case Style"; Value = "0603"; VariantName = "[No Variations]"
Change component parameters (AddParameter): Name = "Order Code Supplier"; Value = "2122703"; VariantName = "[No Variations]"
Change component parameters (AddParameter): Name = "Power Rating"; Value = "0.063W"; VariantName = "[No Variations]"
Change component parameters (AddParameter): Name = "Price"; Value = "0,038"; VariantName = "[No Variations]"
Change component parameters (AddParameter): Name = "Resistance"; Value = "470K"; VariantName = "[No Variations]"
Change component parameters (AddParameter): Name = "Supplier"; Value = "Farnell"; VariantName = "[No Variations]"
Change component parameters (AddParameter): Name = "Temperature Coefficient"; Value = "± 100PPM"; VariantName = "[No Variations]"
Change component parameters (AddParameter): Name = "Temperature Range"; Value = "-55°C to +125°C"; VariantName = "[No Variations]"
Change component parameters (AddParameter): Name = "Voltage Rating"; Value = "50V"; VariantName = "[No Variations]"
