Removed Pin From Net: NetName=GND Pin=C43-1
Removed Pin From Net: NetName=GND Pin=C44-1
Removed Pin From Net: NetName=GND Pin=C45-1
Removed Pin From Net: NetName=GND Pin=C46-1
Removed Pin From Net: NetName=GND Pin=C47-1
Removed Pin From Net: NetName=GND Pin=R31-1
Removed Pin From Net: NetName=GND Pin=U7-5
Removed Pin From Net: NetName=GND Pin=U7-10
Removed Pin From Net: NetName=GND Pin=U7-CP
Removed Pin From Net: NetName=GND Pin=U7-CP
Removed Pin From Net: NetName=GND Pin=U7-CP
Removed Pin From Net: NetName=GND Pin=U7-CP
Removed Pin From Net: NetName=GND Pin=U7-CP
Removed Pin From Net: NetName=GND Pin=U7-CP
Removed Pin From Net: NetName=GND Pin=U7-CP
Removed Pin From Net: NetName=GND Pin=U7-CP
Removed Pin From Net: NetName=GND Pin=U7-CP
Removed Pin From Net: NetName=GND Pin=U7-CP
Added Pin To Net: NetName=CGND Pin=C43-1
Added Pin To Net: NetName=CGND Pin=C44-1
Added Pin To Net: NetName=CGND Pin=C45-1
Added Pin To Net: NetName=CGND Pin=C46-1
Added Pin To Net: NetName=CGND Pin=C47-1
Added Pin To Net: NetName=CGND Pin=R31-1
Added Pin To Net: NetName=CGND Pin=U7-5
Added Pin To Net: NetName=CGND Pin=U7-10
Added Pin To Net: NetName=CGND Pin=U7-CP
Added Pin To Net: NetName=CGND Pin=U7-CP
Added Pin To Net: NetName=CGND Pin=U7-CP
Added Pin To Net: NetName=CGND Pin=U7-CP
Added Pin To Net: NetName=CGND Pin=U7-CP
Added Pin To Net: NetName=CGND Pin=U7-CP
Added Pin To Net: NetName=CGND Pin=U7-CP
Added Pin To Net: NetName=CGND Pin=U7-CP
Added Pin To Net: NetName=CGND Pin=U7-CP
Added Pin To Net: NetName=CGND Pin=U7-CP
