Removed Pin From Net: NetName=Vb Pin=L1-1
Removed Pin From Net: NetName=VHPF Pin=L1-2
Change Component Footprint: Designator=L1 Old Footprint=WE-HCI_7030 New Footprint=744710210
Change Component Comment : Designator=L1 Old Comment=0.95uH, 11A New Comment=2uH, 10A
Change component parameters: Designator = "L1" ("L1"); Footprint = "WE-HCI_7030"; UniqueID = "\QUGMSSLT\ZLOIYEQP" ("\QUGMSSLT\ZLOIYEQP")
Change component parameters (AddParameter): Name = "ComponentLink1Description"; Value = "Manufacturer"; VariantName = "[No Variations]"
Change component parameters (AddParameter): Name = "ComponentLink1URL"; Value = "http://www.we-online.de"; VariantName = "[No Variations]"
Change component parameters (AddParameter): Name = "ComponentLink2Description"; Value = "Datasheet"; VariantName = "[No Variations]"
Change component parameters (AddParameter): Name = "ComponentLink2URL"; Value = "https://www.we-online.com/catalog/datasheet/744710210.pdf"; VariantName = "[No Variations]"
Change component parameters (AddParameter): Name = "DC Resistance"; Value = "3.8mOhm"; VariantName = "[No Variations]"
Change component parameters (AddParameter): Name = "Inductance"; Value = "2uH"; VariantName = "[No Variations]"
Change component parameters (AddParameter): Name = "Manufacturer"; Value = "Wurth Elektronik"; VariantName = "[No Variations]"
Change component parameters (AddParameter): Name = "Manufacturer Part Number"; Value = "744710210"; VariantName = "[No Variations]"
Change component parameters (AddParameter): Name = "Mounting Technology"; Value = "THT"; VariantName = "[No Variations]"
Change component parameters (AddParameter): Name = "Operating Temperature"; Value = "-40 to +150degC"; VariantName = "[No Variations]"
Change component parameters (AddParameter): Name = "Packaging"; Value = "Carton"; VariantName = "[No Variations]"
Change component parameters (AddParameter): Name = "Published Date"; Value = "April 2020"; VariantName = "[No Variations]"
Change component parameters (AddParameter): Name = "Rated Current"; Value = "10A"; VariantName = "[No Variations]"
Added Pin To Net: NetName=VHPF Pin=L1-1
Added Pin To Net: NetName=Vb Pin=L1-2
