Removed Pin From Net: NetName=NetC30_2 Pin=C31-2
Removed Pin From Net: NetName=GND Pin=C39-1
Removed Pin From Net: NetName=Vdd Pin=C39-2
Removed Pin From Net: NetName=CGND Pin=C42-1
Removed Pin From Net: NetName=5Vcan Pin=C42-2
Removed Pin From Net: NetName=CGND Pin=C45-1
Removed Pin From Net: NetName=5Vcan Pin=C45-2
Removed Pin From Net: NetName=Vdd Pin=C54-2
Removed Pin From Net: NetName=Vreg Pin=C59-2
Removed Pin From Net: NetName=Vdds Pin=C60-2
Removed Pin From Net: NetName=GND Pin=C63-1
Removed Pin From Net: NetName=Vdds Pin=C63-2
Removed Pin From Net: NetName=NetC30_2 Pin=R25-1
Removed Pin From Net: NetName=NetC40_2 Pin=R26-1
Removed Member From Class: ClassName=Designator Member=C31
Removed Member From Class: ClassName=Designator Member=C39
Removed Member From Class: ClassName=CAN Member=C41
Removed Member From Class: ClassName=CAN Member=C42
Removed Member From Class: ClassName=CAN Member=C45
Removed Member From Class: ClassName=PSU Member=C59
Removed Member From Class: ClassName=PSU Member=C60
Removed Member From Class: ClassName=PSU Member=C63
Removed Member From Class: ClassName=Designator Member=R25
Removed Member From Class: ClassName=Designator Member=R26
Removed Member From Class: ClassName=HV Member=NetD3_2
Change Component Comment : Designator=C12 Old Comment=1uF New Comment=2.2uF
Change Component Comment : Designator=C14 Old Comment=1uF New Comment=2.2uF
Change Component Comment : Designator=L2 Old Comment=33uH, 13A New Comment=68uH, 11.2A
Change component parameters: Designator = "C2_IHS" ("C2"); Footprint = "C0603"; UniqueID = "\QUGMSSLT\QQTAVJXC\IFBIIEWX" ("\QUGMSSLT\QQTAVJXC\IFBIIEWX")
Change component parameters (AddParameter): Name = "Brand"; Value = "MULTICOMP"; VariantName = "[No Variations]"
Change component parameters (AddParameter): Name = "Brand Number"; Value = "MCCA000255"; VariantName = "[No Variations]"
Change component parameters (AddParameter): Name = "Capacitance"; Value = "100nF"; VariantName = "[No Variations]"
Change component parameters (AddParameter): Name = "Capacitance Tolerance"; Value = "± 10%"; VariantName = "[No Variations]"
Change component parameters (AddParameter): Name = "Capacitor Case Style"; Value = "0603"; VariantName = "[No Variations]"
Change component parameters (AddParameter): Name = "Dielectric Characteristic"; Value = "X7R"; VariantName = "[No Variations]"
Change component parameters (AddParameter): Name = "Order Code Supplier"; Value = "1759122RL"; VariantName = "[No Variations]"
Change component parameters (AddParameter): Name = "Price"; Value = "0,008"; VariantName = "[No Variations]"
Change component parameters (AddParameter): Name = "Supplier"; Value = "Farnell"; VariantName = "[No Variations]"
Change component parameters (AddParameter): Name = "Temperature Range"; Value = "-55°C to +125°C"; VariantName = "[No Variations]"
Change component parameters (AddParameter): Name = "Voltage Rating"; Value = "50V"; VariantName = "[No Variations]"
Change component parameters: Designator = "C2_ILS" ("C2"); Footprint = "C0603"; UniqueID = "\QUGMSSLT\KYATZGEQ\IFBIIEWX" ("\QUGMSSLT\KYATZGEQ\IFBIIEWX")
Change component parameters (AddParameter): Name = "Brand"; Value = "MULTICOMP"; VariantName = "[No Variations]"
Change component parameters (AddParameter): Name = "Brand Number"; Value = "MCCA000255"; VariantName = "[No Variations]"
Change component parameters (AddParameter): Name = "Capacitance"; Value = "100nF"; VariantName = "[No Variations]"
Change component parameters (AddParameter): Name = "Capacitance Tolerance"; Value = "± 10%"; VariantName = "[No Variations]"
Change component parameters (AddParameter): Name = "Capacitor Case Style"; Value = "0603"; VariantName = "[No Variations]"
Change component parameters (AddParameter): Name = "Dielectric Characteristic"; Value = "X7R"; VariantName = "[No Variations]"
Change component parameters (AddParameter): Name = "Order Code Supplier"; Value = "1759122RL"; VariantName = "[No Variations]"
Change component parameters (AddParameter): Name = "Price"; Value = "0,008"; VariantName = "[No Variations]"
Change component parameters (AddParameter): Name = "Supplier"; Value = "Farnell"; VariantName = "[No Variations]"
Change component parameters (AddParameter): Name = "Temperature Range"; Value = "-55°C to +125°C"; VariantName = "[No Variations]"
Change component parameters (AddParameter): Name = "Voltage Rating"; Value = "50V"; VariantName = "[No Variations]"
Change component parameters: Designator = "C3_IHS" ("C3"); Footprint = "C0603"; UniqueID = "\QUGMSSLT\QQTAVJXC\MSXXGJYE" ("\QUGMSSLT\QQTAVJXC\MSXXGJYE")
Change component parameters (AddParameter): Name = "Brand"; Value = "MULTICOMP"; VariantName = "[No Variations]"
Change component parameters (AddParameter): Name = "Brand Number"; Value = "MCCA000255"; VariantName = "[No Variations]"
Change component parameters (AddParameter): Name = "Capacitance"; Value = "100nF"; VariantName = "[No Variations]"
Change component parameters (AddParameter): Name = "Capacitance Tolerance"; Value = "± 10%"; VariantName = "[No Variations]"
Change component parameters (AddParameter): Name = "Capacitor Case Style"; Value = "0603"; VariantName = "[No Variations]"
Change component parameters (AddParameter): Name = "Dielectric Characteristic"; Value = "X7R"; VariantName = "[No Variations]"
Change component parameters (AddParameter): Name = "Order Code Supplier"; Value = "1759122RL"; VariantName = "[No Variations]"
Change component parameters (AddParameter): Name = "Price"; Value = "0,008"; VariantName = "[No Variations]"
Change component parameters (AddParameter): Name = "Supplier"; Value = "Farnell"; VariantName = "[No Variations]"
Change component parameters (AddParameter): Name = "Temperature Range"; Value = "-55°C to +125°C"; VariantName = "[No Variations]"
Change component parameters (AddParameter): Name = "Voltage Rating"; Value = "50V"; VariantName = "[No Variations]"
Change component parameters: Designator = "C3_ILS" ("C3"); Footprint = "C0603"; UniqueID = "\QUGMSSLT\KYATZGEQ\MSXXGJYE" ("\QUGMSSLT\KYATZGEQ\MSXXGJYE")
Change component parameters (AddParameter): Name = "Brand"; Value = "MULTICOMP"; VariantName = "[No Variations]"
Change component parameters (AddParameter): Name = "Brand Number"; Value = "MCCA000255"; VariantName = "[No Variations]"
Change component parameters (AddParameter): Name = "Capacitance"; Value = "100nF"; VariantName = "[No Variations]"
Change component parameters (AddParameter): Name = "Capacitance Tolerance"; Value = "± 10%"; VariantName = "[No Variations]"
Change component parameters (AddParameter): Name = "Capacitor Case Style"; Value = "0603"; VariantName = "[No Variations]"
Change component parameters (AddParameter): Name = "Dielectric Characteristic"; Value = "X7R"; VariantName = "[No Variations]"
Change component parameters (AddParameter): Name = "Order Code Supplier"; Value = "1759122RL"; VariantName = "[No Variations]"
Change component parameters (AddParameter): Name = "Price"; Value = "0,008"; VariantName = "[No Variations]"
Change component parameters (AddParameter): Name = "Supplier"; Value = "Farnell"; VariantName = "[No Variations]"
Change component parameters (AddParameter): Name = "Temperature Range"; Value = "-55°C to +125°C"; VariantName = "[No Variations]"
Change component parameters (AddParameter): Name = "Voltage Rating"; Value = "50V"; VariantName = "[No Variations]"
Change component parameters: Designator = "C20" ("C20"); Footprint = "C0603"; UniqueID = "\QUGMSSLT\OERWJQLT" ("\QUGMSSLT\OERWJQLT")
Change component parameters (AddParameter): Name = "Brand"; Value = "MULTICOMP"; VariantName = "[No Variations]"
Change component parameters (AddParameter): Name = "Brand Number"; Value = "MCCA000255"; VariantName = "[No Variations]"
Change component parameters (AddParameter): Name = "Capacitance"; Value = "100nF"; VariantName = "[No Variations]"
Change component parameters (AddParameter): Name = "Capacitance Tolerance"; Value = "± 10%"; VariantName = "[No Variations]"
Change component parameters (AddParameter): Name = "Capacitor Case Style"; Value = "0603"; VariantName = "[No Variations]"
Change component parameters (AddParameter): Name = "Dielectric Characteristic"; Value = "X7R"; VariantName = "[No Variations]"
Change component parameters (AddParameter): Name = "Order Code Supplier"; Value = "1759122RL"; VariantName = "[No Variations]"
Change component parameters (AddParameter): Name = "Price"; Value = "0,008"; VariantName = "[No Variations]"
Change component parameters (AddParameter): Name = "Supplier"; Value = "Farnell"; VariantName = "[No Variations]"
Change component parameters (AddParameter): Name = "Temperature Range"; Value = "-55°C to +125°C"; VariantName = "[No Variations]"
Change component parameters (AddParameter): Name = "Voltage Rating"; Value = "50V"; VariantName = "[No Variations]"
Change component parameters: Designator = "C21" ("C21"); Footprint = "C0603"; UniqueID = "\QUGMSSLT\QFRZVJHL" ("\QUGMSSLT\QFRZVJHL")
Change component parameters (AddParameter): Name = "Brand"; Value = "MULTICOMP"; VariantName = "[No Variations]"
Change component parameters (AddParameter): Name = "Brand Number"; Value = "MCCA000255"; VariantName = "[No Variations]"
Change component parameters (AddParameter): Name = "Capacitance"; Value = "100nF"; VariantName = "[No Variations]"
Change component parameters (AddParameter): Name = "Capacitance Tolerance"; Value = "± 10%"; VariantName = "[No Variations]"
Change component parameters (AddParameter): Name = "Capacitor Case Style"; Value = "0603"; VariantName = "[No Variations]"
Change component parameters (AddParameter): Name = "Dielectric Characteristic"; Value = "X7R"; VariantName = "[No Variations]"
Change component parameters (AddParameter): Name = "Order Code Supplier"; Value = "1759122RL"; VariantName = "[No Variations]"
Change component parameters (AddParameter): Name = "Price"; Value = "0,008"; VariantName = "[No Variations]"
Change component parameters (AddParameter): Name = "Supplier"; Value = "Farnell"; VariantName = "[No Variations]"
Change component parameters (AddParameter): Name = "Temperature Range"; Value = "-55°C to +125°C"; VariantName = "[No Variations]"
Change component parameters (AddParameter): Name = "Voltage Rating"; Value = "50V"; VariantName = "[No Variations]"
Change component parameters: Designator = "C41" ("C41"); Footprint = "C0603"; UniqueID = "\ALVCSZRU\VUALZXVI" ("\ALVCSZRU\VUALZXVI")
Change component parameters (AddParameter): Name = "Brand"; Value = "MULTICOMP"; VariantName = "[No Variations]"
Change component parameters (AddParameter): Name = "Brand Number"; Value = "MCCA000255"; VariantName = "[No Variations]"
Change component parameters (AddParameter): Name = "Capacitance"; Value = "100nF"; VariantName = "[No Variations]"
Change component parameters (AddParameter): Name = "Capacitance Tolerance"; Value = "± 10%"; VariantName = "[No Variations]"
Change component parameters (AddParameter): Name = "Capacitor Case Style"; Value = "0603"; VariantName = "[No Variations]"
Change component parameters (AddParameter): Name = "Dielectric Characteristic"; Value = "X7R"; VariantName = "[No Variations]"
Change component parameters (AddParameter): Name = "Order Code Supplier"; Value = "1759122RL"; VariantName = "[No Variations]"
Change component parameters (AddParameter): Name = "Price"; Value = "0,008"; VariantName = "[No Variations]"
Change component parameters (AddParameter): Name = "Supplier"; Value = "Farnell"; VariantName = "[No Variations]"
Change component parameters (AddParameter): Name = "Temperature Range"; Value = "-55°C to +125°C"; VariantName = "[No Variations]"
Change component parameters (AddParameter): Name = "Voltage Rating"; Value = "50V"; VariantName = "[No Variations]"
Change component parameters: Designator = "C42" ("C42"); Footprint = "C0603"; UniqueID = "\ALVCSZRU\QJSCEICC" ("\ALVCSZRU\QJSCEICC")
Change component parameters (AddParameter): Name = "Brand"; Value = "MULTICOMP"; VariantName = "[No Variations]"
Change component parameters (AddParameter): Name = "Brand Number"; Value = "MCCA000255"; VariantName = "[No Variations]"
Change component parameters (AddParameter): Name = "Capacitance"; Value = "100nF"; VariantName = "[No Variations]"
Change component parameters (AddParameter): Name = "Capacitance Tolerance"; Value = "± 10%"; VariantName = "[No Variations]"
Change component parameters (AddParameter): Name = "Capacitor Case Style"; Value = "0603"; VariantName = "[No Variations]"
Change component parameters (AddParameter): Name = "Dielectric Characteristic"; Value = "X7R"; VariantName = "[No Variations]"
Change component parameters (AddParameter): Name = "Order Code Supplier"; Value = "1759122RL"; VariantName = "[No Variations]"
Change component parameters (AddParameter): Name = "Price"; Value = "0,008"; VariantName = "[No Variations]"
Change component parameters (AddParameter): Name = "Supplier"; Value = "Farnell"; VariantName = "[No Variations]"
Change component parameters (AddParameter): Name = "Temperature Range"; Value = "-55°C to +125°C"; VariantName = "[No Variations]"
Change component parameters (AddParameter): Name = "Voltage Rating"; Value = "50V"; VariantName = "[No Variations]"
Change component parameters: Designator = "C45" ("C45"); Footprint = "C0603"; UniqueID = "\ALVCSZRU\PEOXOJTG" ("\ALVCSZRU\PEOXOJTG")
Change component parameters (AddParameter): Name = "Brand"; Value = "MULTICOMP"; VariantName = "[No Variations]"
Change component parameters (AddParameter): Name = "Brand Number"; Value = "MCCA000255"; VariantName = "[No Variations]"
Change component parameters (AddParameter): Name = "Capacitance"; Value = "100nF"; VariantName = "[No Variations]"
Change component parameters (AddParameter): Name = "Capacitance Tolerance"; Value = "± 10%"; VariantName = "[No Variations]"
Change component parameters (AddParameter): Name = "Capacitor Case Style"; Value = "0603"; VariantName = "[No Variations]"
Change component parameters (AddParameter): Name = "Dielectric Characteristic"; Value = "X7R"; VariantName = "[No Variations]"
Change component parameters (AddParameter): Name = "Order Code Supplier"; Value = "1759122RL"; VariantName = "[No Variations]"
Change component parameters (AddParameter): Name = "Price"; Value = "0,008"; VariantName = "[No Variations]"
Change component parameters (AddParameter): Name = "Supplier"; Value = "Farnell"; VariantName = "[No Variations]"
Change component parameters (AddParameter): Name = "Temperature Range"; Value = "-55°C to +125°C"; VariantName = "[No Variations]"
Change component parameters (AddParameter): Name = "Voltage Rating"; Value = "50V"; VariantName = "[No Variations]"
Change component parameters: Designator = "C54" ("C54"); Footprint = "C0603"; UniqueID = "\ALVCSZRU\XQTVKLQR" ("\ALVCSZRU\XQTVKLQR")
Change component parameters (AddParameter): Name = "Brand"; Value = "MULTICOMP"; VariantName = "[No Variations]"
Change component parameters (AddParameter): Name = "Brand Number"; Value = "MCCA000255"; VariantName = "[No Variations]"
Change component parameters (AddParameter): Name = "Capacitance"; Value = "100nF"; VariantName = "[No Variations]"
Change component parameters (AddParameter): Name = "Capacitance Tolerance"; Value = "± 10%"; VariantName = "[No Variations]"
Change component parameters (AddParameter): Name = "Capacitor Case Style"; Value = "0603"; VariantName = "[No Variations]"
Change component parameters (AddParameter): Name = "Dielectric Characteristic"; Value = "X7R"; VariantName = "[No Variations]"
Change component parameters (AddParameter): Name = "Order Code Supplier"; Value = "1759122RL"; VariantName = "[No Variations]"
Change component parameters (AddParameter): Name = "Price"; Value = "0,008"; VariantName = "[No Variations]"
Change component parameters (AddParameter): Name = "Supplier"; Value = "Farnell"; VariantName = "[No Variations]"
Change component parameters (AddParameter): Name = "Temperature Range"; Value = "-55°C to +125°C"; VariantName = "[No Variations]"
Change component parameters (AddParameter): Name = "Voltage Rating"; Value = "50V"; VariantName = "[No Variations]"
Change component parameters: Designator = "C59" ("C59"); Footprint = "C0603"; UniqueID = "\QUGMSSLT\BKJWUJUD\XCPRROPW" ("\QUGMSSLT\BKJWUJUD\XCPRROPW")
Change component parameters (AddParameter): Name = "Brand"; Value = "MULTICOMP"; VariantName = "[No Variations]"
Change component parameters (AddParameter): Name = "Brand Number"; Value = "MCCA000255"; VariantName = "[No Variations]"
Change component parameters (AddParameter): Name = "Capacitance"; Value = "100nF"; VariantName = "[No Variations]"
Change component parameters (AddParameter): Name = "Capacitance Tolerance"; Value = "± 10%"; VariantName = "[No Variations]"
Change component parameters (AddParameter): Name = "Capacitor Case Style"; Value = "0603"; VariantName = "[No Variations]"
Change component parameters (AddParameter): Name = "Dielectric Characteristic"; Value = "X7R"; VariantName = "[No Variations]"
Change component parameters (AddParameter): Name = "Order Code Supplier"; Value = "1759122RL"; VariantName = "[No Variations]"
Change component parameters (AddParameter): Name = "Price"; Value = "0,008"; VariantName = "[No Variations]"
Change component parameters (AddParameter): Name = "Supplier"; Value = "Farnell"; VariantName = "[No Variations]"
Change component parameters (AddParameter): Name = "Temperature Range"; Value = "-55°C to +125°C"; VariantName = "[No Variations]"
Change component parameters (AddParameter): Name = "Voltage Rating"; Value = "50V"; VariantName = "[No Variations]"
Change component parameters: Designator = "C60" ("C60"); Footprint = "C0603"; UniqueID = "\QUGMSSLT\BKJWUJUD\IWGILGTQ" ("\QUGMSSLT\BKJWUJUD\IWGILGTQ")
Change component parameters (AddParameter): Name = "Brand"; Value = "MULTICOMP"; VariantName = "[No Variations]"
Change component parameters (AddParameter): Name = "Brand Number"; Value = "MCCA000255"; VariantName = "[No Variations]"
Change component parameters (AddParameter): Name = "Capacitance"; Value = "100nF"; VariantName = "[No Variations]"
Change component parameters (AddParameter): Name = "Capacitance Tolerance"; Value = "± 10%"; VariantName = "[No Variations]"
Change component parameters (AddParameter): Name = "Capacitor Case Style"; Value = "0603"; VariantName = "[No Variations]"
Change component parameters (AddParameter): Name = "Dielectric Characteristic"; Value = "X7R"; VariantName = "[No Variations]"
Change component parameters (AddParameter): Name = "Order Code Supplier"; Value = "1759122RL"; VariantName = "[No Variations]"
Change component parameters (AddParameter): Name = "Price"; Value = "0,008"; VariantName = "[No Variations]"
Change component parameters (AddParameter): Name = "Supplier"; Value = "Farnell"; VariantName = "[No Variations]"
Change component parameters (AddParameter): Name = "Temperature Range"; Value = "-55°C to +125°C"; VariantName = "[No Variations]"
Change component parameters (AddParameter): Name = "Voltage Rating"; Value = "50V"; VariantName = "[No Variations]"
Change component parameters: Designator = "L2" ("L2"); Footprint = "WE-HCF_2920"; UniqueID = "\QUGMSSLT\IOOFWBWH" ("\QUGMSSLT\IOOFWBWH")
Change component parameters (AddParameter): Name = "ComponentLink1Description"; Value = "Manufacturer"; VariantName = "[No Variations]"
Change component parameters (AddParameter): Name = "ComponentLink1URL"; Value = "http://www.we-online.de"; VariantName = "[No Variations]"
Change component parameters (AddParameter): Name = "ComponentLink2Description"; Value = "Datasheet"; VariantName = "[No Variations]"
Change component parameters (AddParameter): Name = "ComponentLink2URL"; Value = "https://www.we-online.com/catalog/datasheet/74437429203680.pdf"; VariantName = "[No Variations]"
Change component parameters (AddParameter): Name = "DC Resistance max."; Value = "24.42mOhm"; VariantName = "[No Variations]"
Change component parameters (AddParameter): Name = "DC Resistance typ."; Value = "22.2mOhm"; VariantName = "[No Variations]"
Change component parameters (AddParameter): Name = "Inductance"; Value = "68uH"; VariantName = "[No Variations]"
Change component parameters (AddParameter): Name = "Manufacturer"; Value = "Wurth Elektronik"; VariantName = "[No Variations]"
Change component parameters (AddParameter): Name = "Manufacturer Part Number"; Value = "74437429203680"; VariantName = "[No Variations]"
Change component parameters (AddParameter): Name = "Mounting Technology"; Value = "SMT"; VariantName = "[No Variations]"
Change component parameters (AddParameter): Name = "Operating Temperature"; Value = "-40 to +125degC"; VariantName = "[No Variations]"
Change component parameters (AddParameter): Name = "Packaging"; Value = "Tray and Carton"; VariantName = "[No Variations]"
Change component parameters (AddParameter): Name = "Published Date"; Value = "September 2020"; VariantName = "[No Variations]"
Change component parameters (AddParameter): Name = "Rated Current"; Value = "11.2A"; VariantName = "[No Variations]"
Change component parameters (AddParameter): Name = "Saturation Current"; Value = "10.7A"; VariantName = "[No Variations]"
Change component parameters (AddParameter): Name = "Self Resonant Frequency"; Value = "5.3MHz"; VariantName = "[No Variations]"
Change component parameters (AddParameter): Name = "Size"; Value = "2920"; VariantName = "[No Variations]"
Change component parameters: Designator = "C12" ("C12"); Footprint = "C0603"; UniqueID = "\JJPWYRYO\YGULGQJE" ("\JJPWYRYO\YGULGQJE")
Change component parameters (AddParameter): Name = "Brand"; Value = "MURATA"; VariantName = "[No Variations]"
Change component parameters (AddParameter): Name = "Brand Number"; Value = "GRM188R61C225KE15D"; VariantName = "[No Variations]"
Change component parameters (AddParameter): Name = "Capacitance"; Value = "2.2uF"; VariantName = "[No Variations]"
Change component parameters (AddParameter): Name = "Capacitance Tolerance"; Value = "+/- 10%"; VariantName = "[No Variations]"
Change component parameters (AddParameter): Name = "Capacitor Case Style"; Value = "0603"; VariantName = "[No Variations]"
Change component parameters (AddParameter): Name = "Dielectric Characteristic"; Value = "X5R"; VariantName = "[No Variations]"
Change component parameters (AddParameter): Name = "Order Code Supplier"; Value = "1735526"; VariantName = "[No Variations]"
Change component parameters (AddParameter): Name = "Price"; Value = "0,077"; VariantName = "[No Variations]"
Change component parameters (AddParameter): Name = "Supplier"; Value = "Farnell"; VariantName = "[No Variations]"
Change component parameters (AddParameter): Name = "Temperature Range"; Value = "-55°C to 85°C"; VariantName = "[No Variations]"
Change component parameters (AddParameter): Name = "Voltage Rating"; Value = "16V"; VariantName = "[No Variations]"
Change component parameters: Designator = "C14" ("C14"); Footprint = "C0603"; UniqueID = "\JJPWYRYO\DBHGWEFM" ("\JJPWYRYO\DBHGWEFM")
Change component parameters (AddParameter): Name = "Brand"; Value = "MURATA"; VariantName = "[No Variations]"
Change component parameters (AddParameter): Name = "Brand Number"; Value = "GRM188R61C225KE15D"; VariantName = "[No Variations]"
Change component parameters (AddParameter): Name = "Capacitance"; Value = "2.2uF"; VariantName = "[No Variations]"
Change component parameters (AddParameter): Name = "Capacitance Tolerance"; Value = "+/- 10%"; VariantName = "[No Variations]"
Change component parameters (AddParameter): Name = "Capacitor Case Style"; Value = "0603"; VariantName = "[No Variations]"
Change component parameters (AddParameter): Name = "Dielectric Characteristic"; Value = "X5R"; VariantName = "[No Variations]"
Change component parameters (AddParameter): Name = "Order Code Supplier"; Value = "1735526"; VariantName = "[No Variations]"
Change component parameters (AddParameter): Name = "Price"; Value = "0,077"; VariantName = "[No Variations]"
Change component parameters (AddParameter): Name = "Supplier"; Value = "Farnell"; VariantName = "[No Variations]"
Change component parameters (AddParameter): Name = "Temperature Range"; Value = "-55°C to 85°C"; VariantName = "[No Variations]"
Change component parameters (AddParameter): Name = "Voltage Rating"; Value = "16V"; VariantName = "[No Variations]"
Added Pin To Net: NetName=Vdd Pin=C31-2
Added Pin To Net: NetName=CGND Pin=C39-1
Added Pin To Net: NetName=5Vcan Pin=C39-2
Added Pin To Net: NetName=GND Pin=C42-1
Added Pin To Net: NetName=Vdds Pin=C42-2
Added Pin To Net: NetName=GND Pin=C45-1
Added Pin To Net: NetName=Vreg Pin=C45-2
Added Pin To Net: NetName=Vdds Pin=C54-2
Added Pin To Net: NetName=NetC30_2 Pin=C59-2
Added Pin To Net: NetName=Vdd Pin=C60-2
Added Pin To Net: NetName=NetC30_2 Pin=D2-2
Added Pin To Net: NetName=NetC40_2 Pin=D3-2
Added Member To Class: ClassName=CAN Member=Component C31 100nF
Added Member To Class: ClassName=CAN Member=Component C39 100nF
Added Member To Class: ClassName=PSU Member=Component C41 100nF
Added Member To Class: ClassName=PSU Member=Component C42 100nF
Added Member To Class: ClassName=PSU Member=Component C45 100nF
Added Member To Class: ClassName=Designator Member=Component C59 100nF
Added Member To Class: ClassName=Designator Member=Component C60 100nF
Added Room: Name=Designator
