Added Component: Designator=C28(WCAP-ATUL_10x20x5x0.6)
Add component (AddParameter): Name = "Capacitance"; Value = "100uF"; VariantName = "[No Variations]"
Add component (AddParameter): Name = "Capacitance Tolerance"; Value = "± 20%"; VariantName = "[No Variations]"
Add component (AddParameter): Name = "Capacitor Case Style"; Value = "Radial Leaded 10 x 20"; VariantName = "[No Variations]"
Add component (AddParameter): Name = "Dielectric Characteristic"; Value = ""; VariantName = "[No Variations]"
Add component (AddParameter): Name = "Supplier 1"; Value = "Mouser"; VariantName = "[No Variations]"
Add component (AddParameter): Name = "Supplier Part Number 1"; Value = "661-EKYB101E101MJ20S"; VariantName = "[No Variations]"
Add component (AddParameter): Name = "Temperature Range"; Value = "-40°C to +85°C"; VariantName = "[No Variations]"
Add component (AddParameter): Name = "Voltage Rating"; Value = "100V"; VariantName = "[No Variations]"
Added Component: Designator=C29(WCAP-ATUL_10x20x5x0.6)
Add component (AddParameter): Name = "Capacitance"; Value = "100uF"; VariantName = "[No Variations]"
Add component (AddParameter): Name = "Capacitance Tolerance"; Value = "± 20%"; VariantName = "[No Variations]"
Add component (AddParameter): Name = "Capacitor Case Style"; Value = "Radial Leaded 10 x 20"; VariantName = "[No Variations]"
Add component (AddParameter): Name = "Dielectric Characteristic"; Value = ""; VariantName = "[No Variations]"
Add component (AddParameter): Name = "Supplier 1"; Value = "Mouser"; VariantName = "[No Variations]"
Add component (AddParameter): Name = "Supplier Part Number 1"; Value = "661-EKYB101E101MJ20S"; VariantName = "[No Variations]"
Add component (AddParameter): Name = "Temperature Range"; Value = "-40°C to +85°C"; VariantName = "[No Variations]"
Add component (AddParameter): Name = "Voltage Rating"; Value = "100V"; VariantName = "[No Variations]"
Added Component: Designator=C30(WCAP-ATUL_10x20x5x0.6)
Add component (AddParameter): Name = "Capacitance"; Value = "100uF"; VariantName = "[No Variations]"
Add component (AddParameter): Name = "Capacitance Tolerance"; Value = "± 20%"; VariantName = "[No Variations]"
Add component (AddParameter): Name = "Capacitor Case Style"; Value = "Radial Leaded 10 x 20"; VariantName = "[No Variations]"
Add component (AddParameter): Name = "Dielectric Characteristic"; Value = ""; VariantName = "[No Variations]"
Add component (AddParameter): Name = "Supplier 1"; Value = "Mouser"; VariantName = "[No Variations]"
Add component (AddParameter): Name = "Supplier Part Number 1"; Value = "661-EKYB101E101MJ20S"; VariantName = "[No Variations]"
Add component (AddParameter): Name = "Temperature Range"; Value = "-40°C to +85°C"; VariantName = "[No Variations]"
Add component (AddParameter): Name = "Voltage Rating"; Value = "100V"; VariantName = "[No Variations]"
Added Component: Designator=C31(WCAP-ATUL_10x20x5x0.6)
Add component (AddParameter): Name = "Capacitance"; Value = "100uF"; VariantName = "[No Variations]"
Add component (AddParameter): Name = "Capacitance Tolerance"; Value = "± 20%"; VariantName = "[No Variations]"
Add component (AddParameter): Name = "Capacitor Case Style"; Value = "Radial Leaded 10 x 20"; VariantName = "[No Variations]"
Add component (AddParameter): Name = "Dielectric Characteristic"; Value = ""; VariantName = "[No Variations]"
Add component (AddParameter): Name = "Supplier 1"; Value = "Mouser"; VariantName = "[No Variations]"
Add component (AddParameter): Name = "Supplier Part Number 1"; Value = "661-EKYB101E101MJ20S"; VariantName = "[No Variations]"
Add component (AddParameter): Name = "Temperature Range"; Value = "-40°C to +85°C"; VariantName = "[No Variations]"
Add component (AddParameter): Name = "Voltage Rating"; Value = "100V"; VariantName = "[No Variations]"
Added Component: Designator=C32(WCAP-ATUL_10x20x5x0.6)
Add component (AddParameter): Name = "Capacitance"; Value = "100uF"; VariantName = "[No Variations]"
Add component (AddParameter): Name = "Capacitance Tolerance"; Value = "± 20%"; VariantName = "[No Variations]"
Add component (AddParameter): Name = "Capacitor Case Style"; Value = "Radial Leaded 10 x 20"; VariantName = "[No Variations]"
Add component (AddParameter): Name = "Dielectric Characteristic"; Value = ""; VariantName = "[No Variations]"
Add component (AddParameter): Name = "Supplier 1"; Value = "Mouser"; VariantName = "[No Variations]"
Add component (AddParameter): Name = "Supplier Part Number 1"; Value = "661-EKYB101E101MJ20S"; VariantName = "[No Variations]"
Add component (AddParameter): Name = "Temperature Range"; Value = "-40°C to +85°C"; VariantName = "[No Variations]"
Add component (AddParameter): Name = "Voltage Rating"; Value = "100V"; VariantName = "[No Variations]"
Added Component: Designator=C33(WCAP-ATUL_10x20x5x0.6)
Add component (AddParameter): Name = "Capacitance"; Value = "100uF"; VariantName = "[No Variations]"
Add component (AddParameter): Name = "Capacitance Tolerance"; Value = "± 20%"; VariantName = "[No Variations]"
Add component (AddParameter): Name = "Capacitor Case Style"; Value = "Radial Leaded 10 x 20"; VariantName = "[No Variations]"
Add component (AddParameter): Name = "Dielectric Characteristic"; Value = ""; VariantName = "[No Variations]"
Add component (AddParameter): Name = "Supplier 1"; Value = "Mouser"; VariantName = "[No Variations]"
Add component (AddParameter): Name = "Supplier Part Number 1"; Value = "661-EKYB101E101MJ20S"; VariantName = "[No Variations]"
Add component (AddParameter): Name = "Temperature Range"; Value = "-40°C to +85°C"; VariantName = "[No Variations]"
Add component (AddParameter): Name = "Voltage Rating"; Value = "100V"; VariantName = "[No Variations]"
Added Pin To Net: NetName=Vb Pin=C28-1
Added Pin To Net: NetName=GND Pin=C28-2
Added Pin To Net: NetName=Vb Pin=C29-1
Added Pin To Net: NetName=GND Pin=C29-2
Added Pin To Net: NetName=Vb Pin=C30-1
Added Pin To Net: NetName=GND Pin=C30-2
Added Pin To Net: NetName=Vb Pin=C31-1
Added Pin To Net: NetName=GND Pin=C31-2
Added Pin To Net: NetName=Vb Pin=C32-1
Added Pin To Net: NetName=GND Pin=C32-2
Added Pin To Net: NetName=Vb Pin=C33-1
Added Pin To Net: NetName=GND Pin=C33-2
Added Pin To Net: NetName=VSW Pin=L4-1
Added Pin To Net: NetName=Vin Pin=L4-2
Added Member To Class: ClassName=PowerElectronics Member=Component C28 100uF
Added Member To Class: ClassName=PowerElectronics Member=Component C29 100uF
Added Member To Class: ClassName=PowerElectronics Member=Component C30 100uF
Added Member To Class: ClassName=PowerElectronics Member=Component C31 100uF
Added Member To Class: ClassName=PowerElectronics Member=Component C32 100uF
Added Member To Class: ClassName=PowerElectronics Member=Component C33 100uF
