Removed Pin From Net: NetName=VDD_CP Pin=R6-2
Removed Pin From Net: NetName=LED3 Pin=R46-2
Removed Pin From Net: NetName=LED2 Pin=R47-2
Removed Pin From Net: NetName=LED1 Pin=R48-2
Removed Member From Class: ClassName=USB Member=R6
Removed Member From Class: ClassName=USB Member=R7
Removed Member From Class: ClassName=USB Member=R8
Change Component Footprint: Designator=C6 Old Footprint=C0402 New Footprint=C0603
Change Component Designator: OldDesignator=C22 NewDesignator=C29
Change Component Designator: OldDesignator=C23 NewDesignator=C30
Change Component Designator: OldDesignator=C24 NewDesignator=C31
Change Component Designator: OldDesignator=C25 NewDesignator=C32
Change Component Designator: OldDesignator=C26 NewDesignator=C33
Change Component Designator: OldDesignator=C27 NewDesignator=C35
Change Component Designator: OldDesignator=C28 NewDesignator=C22
Change Component Designator: OldDesignator=C29 NewDesignator=C23
Change Component Designator: OldDesignator=C30 NewDesignator=C24
Change Component Designator: OldDesignator=C31 NewDesignator=C26
Change Component Designator: OldDesignator=C32 NewDesignator=C27
Change Component Designator: OldDesignator=C33 NewDesignator=C28
Change Component Designator: OldDesignator=C34 NewDesignator=C48
Change Component Designator: OldDesignator=C35 NewDesignator=C49
Change Component Designator: OldDesignator=C36 NewDesignator=C50
Change Component Designator: OldDesignator=C37 NewDesignator=C51
Change Component Designator: OldDesignator=C38 NewDesignator=C52
Change Component Designator: OldDesignator=C39 NewDesignator=C53
Change Component Designator: OldDesignator=C40 NewDesignator=C54
Change Component Designator: OldDesignator=C41 NewDesignator=C55
Change Component Designator: OldDesignator=C42 NewDesignator=C56
Change Component Designator: OldDesignator=C43 NewDesignator=C57
Change Component Designator: OldDesignator=C44 NewDesignator=C58
Change Component Designator: OldDesignator=C45_VHS NewDesignator=C59_VHS
Change Component Designator: OldDesignator=C45_VLS NewDesignator=C59_VLS
Change Component Designator: OldDesignator=C46_VHS NewDesignator=C60_VHS
Change Component Designator: OldDesignator=C46_VLS NewDesignator=C60_VLS
Change Component Designator: OldDesignator=C47 NewDesignator=C34
Change Component Designator: OldDesignator=C48 NewDesignator=C46
Change Component Designator: OldDesignator=C49 NewDesignator=C45
Change Component Designator: OldDesignator=C50 NewDesignator=C47
Change Component Designator: OldDesignator=C51 NewDesignator=C36
Change Component Designator: OldDesignator=C52 NewDesignator=C37
Change Component Designator: OldDesignator=C53 NewDesignator=C38
Change Component Designator: OldDesignator=C54 NewDesignator=C39
Change Component Designator: OldDesignator=C55 NewDesignator=C40
Change Component Designator: OldDesignator=C56 NewDesignator=C41
Change Component Designator: OldDesignator=C57 NewDesignator=C42
Change Component Designator: OldDesignator=C58 NewDesignator=C43
Change Component Designator: OldDesignator=C59 NewDesignator=C44
Change Component Designator: OldDesignator=D3 NewDesignator=D5
Change Component Designator: OldDesignator=D4 NewDesignator=D6
Change Component Designator: OldDesignator=D5 NewDesignator=D7
Change Component Designator: OldDesignator=D6 NewDesignator=D3
Change Component Designator: OldDesignator=D7 NewDesignator=D4
Change Component Designator: OldDesignator=L2 NewDesignator=L3
Change Component Designator: OldDesignator=L3 NewDesignator=L4
Change Component Designator: OldDesignator=L4 NewDesignator=L2
Change Component Designator: OldDesignator=L6 NewDesignator=L5
Change Component Designator: OldDesignator=LED1 NewDesignator=LED2
Change Component Designator: OldDesignator=LED2 NewDesignator=LED3
Change Component Designator: OldDesignator=LED3 NewDesignator=LED4
Change Component Designator: OldDesignator=LED4 NewDesignator=LED5
Change Component Designator: OldDesignator=R1_IHS NewDesignator=R6_IHS
Change Component Designator: OldDesignator=R1_ILS NewDesignator=R6_ILS
Change Component Designator: OldDesignator=R2_IHS NewDesignator=R7_IHS
Change Component Designator: OldDesignator=R2_ILS NewDesignator=R7_ILS
Change Component Designator: OldDesignator=R3_IHS NewDesignator=R8_IHS
Change Component Designator: OldDesignator=R3_ILS NewDesignator=R8_ILS
Change Component Designator: OldDesignator=R4_IHS NewDesignator=R9_IHS
Change Component Designator: OldDesignator=R4_ILS NewDesignator=R9_ILS
Change Component Designator: OldDesignator=R5_IHS NewDesignator=R10_IHS
Change Component Designator: OldDesignator=R5_ILS NewDesignator=R10_ILS
Change Component Designator: OldDesignator=R9 NewDesignator=R14
Change Component Designator: OldDesignator=R10 NewDesignator=R15
Change Component Designator: OldDesignator=R11 NewDesignator=R16
Change Component Designator: OldDesignator=R12 NewDesignator=R17
Change Component Designator: OldDesignator=R13 NewDesignator=R18
Change Component Designator: OldDesignator=R14 NewDesignator=R20
Change Component Designator: OldDesignator=R15 NewDesignator=R21
Change Component Designator: OldDesignator=R16 NewDesignator=R19
Change Component Designator: OldDesignator=R17 NewDesignator=R28
Change Component Designator: OldDesignator=R18 NewDesignator=R29
Change Component Designator: OldDesignator=R19 NewDesignator=R30
Change Component Designator: OldDesignator=R20 NewDesignator=R22
Change Component Designator: OldDesignator=R21 NewDesignator=R23
Change Component Designator: OldDesignator=R22 NewDesignator=R24
Change Component Designator: OldDesignator=R23 NewDesignator=R25
Change Component Designator: OldDesignator=R24 NewDesignator=R32
Change Component Designator: OldDesignator=R25 NewDesignator=R33
Change Component Designator: OldDesignator=R26 NewDesignator=R34
Change Component Designator: OldDesignator=R27 NewDesignator=R35
Change Component Designator: OldDesignator=R28 NewDesignator=R36
Change Component Designator: OldDesignator=R29 NewDesignator=R37
Change Component Designator: OldDesignator=R30 NewDesignator=R38
Change Component Designator: OldDesignator=R31 NewDesignator=R39
Change Component Designator: OldDesignator=R32 NewDesignator=R41
Change Component Designator: OldDesignator=R33 NewDesignator=R42
Change Component Designator: OldDesignator=R34 NewDesignator=R43
Change Component Designator: OldDesignator=R35 NewDesignator=R44
Change Component Designator: OldDesignator=R36_VHS NewDesignator=R45_VHS
Change Component Designator: OldDesignator=R36_VLS NewDesignator=R45_VLS
Change Component Designator: OldDesignator=R37_VHS NewDesignator=R46_VHS
Change Component Designator: OldDesignator=R37_VLS NewDesignator=R46_VLS
Change Component Designator: OldDesignator=R38_VHS NewDesignator=R47_VHS
Change Component Designator: OldDesignator=R38_VLS NewDesignator=R47_VLS
Change Component Designator: OldDesignator=R39_VHS NewDesignator=R48_VHS
Change Component Designator: OldDesignator=R39_VLS NewDesignator=R48_VLS
Change Component Designator: OldDesignator=R40_VHS NewDesignator=R49_VHS
Change Component Designator: OldDesignator=R40_VLS NewDesignator=R49_VLS
Change Component Designator: OldDesignator=R41_VHS NewDesignator=R50_VHS
Change Component Designator: OldDesignator=R41_VLS NewDesignator=R50_VLS
Change Component Designator: OldDesignator=R42 NewDesignator=R26
Change Component Designator: OldDesignator=R43 NewDesignator=R27
Change Component Designator: OldDesignator=R44 NewDesignator=R31
Change Component Designator: OldDesignator=R45 NewDesignator=R2
Change Component Designator: OldDesignator=R46 NewDesignator=R3
Change Component Designator: OldDesignator=R47 NewDesignator=R4
Change Component Designator: OldDesignator=R48 NewDesignator=R5
Change Component Designator: OldDesignator=S1 NewDesignator=S2
Change Component Designator: OldDesignator=S2 NewDesignator=S1
Change Component Designator: OldDesignator=U2 NewDesignator=U3
Change Component Designator: OldDesignator=U3 NewDesignator=U4
Change Component Designator: OldDesignator=U4 NewDesignator=U2
Change Component Designator: OldDesignator=U5 NewDesignator=U8
Change Component Designator: OldDesignator=U6 NewDesignator=U9
Change Component Designator: OldDesignator=U7 NewDesignator=U10
Change Component Designator: OldDesignator=U8_VHS NewDesignator=U11_VHS
Change Component Designator: OldDesignator=U8_VLS NewDesignator=U11_VLS
Change Component Designator: OldDesignator=U9 NewDesignator=U7
Change Component Designator: OldDesignator=U10 NewDesignator=U5
Change Component Designator: OldDesignator=U11 NewDesignator=U6
Change component parameters: Designator = "C6" ("C6"); Footprint = "C0402"; UniqueID = "\AEFUBCWB\BIKVZPMR" ("\AEFUBCWB\BIKVZPMR")
Change component parameters (AddParameter): Name = "Brand"; Value = "MULTICOMP"; VariantName = "[No Variations]"
Change component parameters (AddParameter): Name = "Brand Number"; Value = "MCCA000255"; VariantName = "[No Variations]"
Change component parameters (AddParameter): Name = "Capacitance"; Value = "100nF"; VariantName = "[No Variations]"
Change component parameters (AddParameter): Name = "Capacitance Tolerance"; Value = "± 10%"; VariantName = "[No Variations]"
Change component parameters (AddParameter): Name = "Capacitor Case Style"; Value = "0603"; VariantName = "[No Variations]"
Change component parameters (AddParameter): Name = "Dielectric Characteristic"; Value = "X7R"; VariantName = "[No Variations]"
Change component parameters (AddParameter): Name = "Order Code Supplier"; Value = "1759122RL"; VariantName = "[No Variations]"
Change component parameters (AddParameter): Name = "Price"; Value = "0,008"; VariantName = "[No Variations]"
Change component parameters (AddParameter): Name = "Supplier"; Value = "Farnell"; VariantName = "[No Variations]"
Change component parameters (AddParameter): Name = "Temperature Range"; Value = "-55°C to +125°C"; VariantName = "[No Variations]"
Change component parameters (AddParameter): Name = "Voltage Rating"; Value = "50V"; VariantName = "[No Variations]"
Added Component: Designator=C25(WCAP-ATUL_10x20x5x0.6)
Add component (AddParameter): Name = "Capacitance"; Value = "100uF"; VariantName = "[No Variations]"
Add component (AddParameter): Name = "Capacitance Tolerance"; Value = "± 20%"; VariantName = "[No Variations]"
Add component (AddParameter): Name = "Capacitor Case Style"; Value = "Radial Leaded 10 x 20"; VariantName = "[No Variations]"
Add component (AddParameter): Name = "Dielectric Characteristic"; Value = ""; VariantName = "[No Variations]"
Add component (AddParameter): Name = "Supplier 1"; Value = "Mouser"; VariantName = "[No Variations]"
Add component (AddParameter): Name = "Supplier Part Number 1"; Value = "661-EKYB101E101MJ20S"; VariantName = "[No Variations]"
Add component (AddParameter): Name = "Temperature Range"; Value = "-40°C to +85°C"; VariantName = "[No Variations]"
Add component (AddParameter): Name = "Voltage Rating"; Value = "100V"; VariantName = "[No Variations]"
Added Component: Designator=LED1(WL-SMRW_1206 cylindrical_Reverse use)
Add component (AddParameter): Name = "Brand"; Value = "Wurth"; VariantName = "[No Variations]"
Add component (AddParameter): Name = "Brand Number"; Value = "156120GS75300"; VariantName = "[No Variations]"
Add component (AddParameter): Name = "Order Code Supplier"; Value = "2322091"; VariantName = "[No Variations]"
Add component (AddParameter): Name = "Price"; Value = "0,519"; VariantName = "[No Variations]"
Add component (AddParameter): Name = "Supplier"; Value = "Farnell"; VariantName = "[No Variations]"
Added Component: Designator=R1(0603)
Add component (AddParameter): Name = "Brand"; Value = "VISHAY DRALORIC"; VariantName = "[No Variations]"
Add component (AddParameter): Name = "Brand Number"; Value = "CRCW0603330RFKEA"; VariantName = "[No Variations]"
Add component (AddParameter): Name = "Case Style"; Value = "0603"; VariantName = "[No Variations]"
Add component (AddParameter): Name = "Order Code Supplier"; Value = "2122302"; VariantName = "[No Variations]"
Add component (AddParameter): Name = "Power Rating"; Value = "0.063W"; VariantName = "[No Variations]"
Add component (AddParameter): Name = "Price"; Value = "0,038"; VariantName = "[No Variations]"
Add component (AddParameter): Name = "Resistance"; Value = "330R"; VariantName = "[No Variations]"
Add component (AddParameter): Name = "Supplier"; Value = "Farnell"; VariantName = "[No Variations]"
Add component (AddParameter): Name = "Temperature Coefficient"; Value = "± 100PPM"; VariantName = "[No Variations]"
Add component (AddParameter): Name = "Temperature Range"; Value = "-55°C to +125°C"; VariantName = "[No Variations]"
Add component (AddParameter): Name = "Voltage Rating"; Value = "50V"; VariantName = "[No Variations]"
Added Component: Designator=R11(0603)
Add component (AddParameter): Name = "Brand"; Value = "VISHAY DRALORIC"; VariantName = "[No Variations]"
Add component (AddParameter): Name = "Brand Number"; Value = "CRCW060310K0FKEA"; VariantName = "[No Variations]"
Add component (AddParameter): Name = "Case Style"; Value = "0603"; VariantName = "[No Variations]"
Add component (AddParameter): Name = "Order Code Supplier"; Value = "2122493"; VariantName = "[No Variations]"
Add component (AddParameter): Name = "Power Rating"; Value = "0.063W"; VariantName = "[No Variations]"
Add component (AddParameter): Name = "Price"; Value = "0,038"; VariantName = "[No Variations]"
Add component (AddParameter): Name = "Resistance"; Value = "10K"; VariantName = "[No Variations]"
Add component (AddParameter): Name = "Supplier"; Value = "Farnell"; VariantName = "[No Variations]"
Add component (AddParameter): Name = "Temperature Coefficient"; Value = "± 100PPM"; VariantName = "[No Variations]"
Add component (AddParameter): Name = "Temperature Range"; Value = "-55°C to +125°C"; VariantName = "[No Variations]"
Add component (AddParameter): Name = "Voltage Rating"; Value = "50V"; VariantName = "[No Variations]"
Added Component: Designator=R12(0603)
Add component (AddParameter): Name = "Brand"; Value = "VISHAY DRALORIC"; VariantName = "[No Variations]"
Add component (AddParameter): Name = "Brand Number"; Value = "CRCW0603220RFKEA"; VariantName = "[No Variations]"
Add component (AddParameter): Name = "Case Style"; Value = "0603"; VariantName = "[No Variations]"
Add component (AddParameter): Name = "Order Code Supplier"; Value = "2122279"; VariantName = "[No Variations]"
Add component (AddParameter): Name = "Power Rating"; Value = "0.063W"; VariantName = "[No Variations]"
Add component (AddParameter): Name = "Price"; Value = "0,038"; VariantName = "[No Variations]"
Add component (AddParameter): Name = "Resistance"; Value = "220R"; VariantName = "[No Variations]"
Add component (AddParameter): Name = "Supplier"; Value = "Farnell"; VariantName = "[No Variations]"
Add component (AddParameter): Name = "Temperature Coefficient"; Value = "± 100PPM"; VariantName = "[No Variations]"
Add component (AddParameter): Name = "Temperature Range"; Value = "-55°C to +125°C"; VariantName = "[No Variations]"
Add component (AddParameter): Name = "Voltage Rating"; Value = "50V"; VariantName = "[No Variations]"
Added Component: Designator=R13(0603)
Add component (AddParameter): Name = "Brand"; Value = "VISHAY DRALORIC"; VariantName = "[No Variations]"
Add component (AddParameter): Name = "Brand Number"; Value = "CRCW0603220RFKEA"; VariantName = "[No Variations]"
Add component (AddParameter): Name = "Case Style"; Value = "0603"; VariantName = "[No Variations]"
Add component (AddParameter): Name = "Order Code Supplier"; Value = "2122279"; VariantName = "[No Variations]"
Add component (AddParameter): Name = "Power Rating"; Value = "0.063W"; VariantName = "[No Variations]"
Add component (AddParameter): Name = "Price"; Value = "0,038"; VariantName = "[No Variations]"
Add component (AddParameter): Name = "Resistance"; Value = "220R"; VariantName = "[No Variations]"
Add component (AddParameter): Name = "Supplier"; Value = "Farnell"; VariantName = "[No Variations]"
Add component (AddParameter): Name = "Temperature Coefficient"; Value = "± 100PPM"; VariantName = "[No Variations]"
Add component (AddParameter): Name = "Temperature Range"; Value = "-55°C to +125°C"; VariantName = "[No Variations]"
Add component (AddParameter): Name = "Voltage Rating"; Value = "50V"; VariantName = "[No Variations]"
Added Component: Designator=R40(0603)
Add component (AddParameter): Name = "Brand"; Value = "VISHAY DRALORIC"; VariantName = "[No Variations]"
Add component (AddParameter): Name = "Brand Number"; Value = "CRCW0603200KFKEA"; VariantName = "[No Variations]"
Add component (AddParameter): Name = "Case Style"; Value = "0603"; VariantName = "[No Variations]"
Add component (AddParameter): Name = "Order Code Supplier"; Value = "2122655"; VariantName = "[No Variations]"
Add component (AddParameter): Name = "Power Rating"; Value = "0.1W"; VariantName = "[No Variations]"
Add component (AddParameter): Name = "Price"; Value = "0,022"; VariantName = "[No Variations]"
Add component (AddParameter): Name = "Resistance"; Value = "200K"; VariantName = "[No Variations]"
Add component (AddParameter): Name = "Supplier"; Value = "Farnell"; VariantName = "[No Variations]"
Add component (AddParameter): Name = "Temperature Coefficient"; Value = "± 100PPM"; VariantName = "[No Variations]"
Add component (AddParameter): Name = "Temperature Range"; Value = "-55°C to +155°C"; VariantName = "[No Variations]"
Add component (AddParameter): Name = "Voltage Rating"; Value = "75V"; VariantName = "[No Variations]"
Added Pin To Net: NetName=Vb Pin=C25-1
Added Pin To Net: NetName=GND Pin=C25-2
Added Pin To Net: NetName=NetR24_2 Pin=F1-1
Added Pin To Net: NetName=GND Pin=J3-1
Added Pin To Net: NetName=NetR24_2 Pin=L1-2
Added Pin To Net: NetName=GND Pin=LED1-1
Added Pin To Net: NetName=GND Pin=R1-2
Added Pin To Net: NetName=LED3 Pin=R2-2
Added Pin To Net: NetName=LED2 Pin=R3-2
Added Pin To Net: NetName=LED1 Pin=R4-2
Added Pin To Net: NetName=LED0 Pin=R5-2
Added Pin To Net: NetName=VDD_CP Pin=R11-2
Added Pin To Net: NetName=RX Pin=R12-2
Added Pin To Net: NetName=TX Pin=R13-2
Added Pin To Net: NetName=GND Pin=R40-1
Change Net Name : Old Net Name=NetC37_2 New Net Name=NetC51_2
Change Net Name : Old Net Name=NetC38_2 New Net Name=NetC52_2
Change Net Name : Old Net Name=NetC41_2 New Net Name=NetC55_2
Change Net Name : Old Net Name=NetC43_2 New Net Name=NetC57_2
Change Net Name : Old Net Name=NetC45_VHS_1 New Net Name=NetC59_VHS_1
Change Net Name : Old Net Name=NetC45_VLS_1 New Net Name=NetC59_VLS_1
Change Net Name : Old Net Name=NetC46_VHS_1 New Net Name=NetC60_VHS_1
Change Net Name : Old Net Name=NetC46_VHS_2 New Net Name=NetC60_VHS_2
Change Net Name : Old Net Name=NetC46_VLS_1 New Net Name=NetC60_VLS_1
Change Net Name : Old Net Name=NetC46_VLS_2 New Net Name=NetC60_VLS_2
Change Net Name : Old Net Name=NetC50_2 New Net Name=NetC47_2
Change Net Name : Old Net Name=NetC51_2 New Net Name=NetC36_2
Change Net Name : Old Net Name=NetC54_2 New Net Name=NetC39_2
Change Net Name : Old Net Name=NetD3_2 New Net Name=NetD5_2
Change Net Name : Old Net Name=NetD6_2 New Net Name=NetD3_2
Change Net Name : Old Net Name=NetD7_2 New Net Name=NetD4_2
Change Net Name : Old Net Name=NetD7_4 New Net Name=NetD4_4
Change Net Name : Old Net Name=NetL2_1 New Net Name=NetL3_1
Change Net Name : Old Net Name=NetL3_1 New Net Name=NetL4_1
Change Net Name : Old Net Name=NetL6_1 New Net Name=NetL5_1
Change Net Name : Old Net Name=NetLED1_2 New Net Name=NetLED2_2
Change Net Name : Old Net Name=NetLED2_2 New Net Name=NetLED3_2
Change Net Name : Old Net Name=NetLED3_2 New Net Name=NetLED4_2
Change Net Name : Old Net Name=NetLED4_2 New Net Name=NetLED5_2
Change Net Name : Old Net Name=NetR1_IHS_3 New Net Name=NetR6_IHS_3
Change Net Name : Old Net Name=NetR1_IHS_4 New Net Name=NetR6_IHS_4
Change Net Name : Old Net Name=NetR1_ILS_3 New Net Name=NetR6_ILS_3
Change Net Name : Old Net Name=NetR1_ILS_4 New Net Name=NetR6_ILS_4
Change Net Name : Old Net Name=NetR10_1 New Net Name=NetR15_1
Change Net Name : Old Net Name=NetR17_1 New Net Name=NetR28_1
Change Net Name : Old Net Name=NetR19_1 New Net Name=NetR30_1
Change Net Name : Old Net Name=NetR22_1 New Net Name=NetR24_1
Change Net Name : Old Net Name=NetR24_1 New Net Name=NetR32_1
Change Net Name : Old Net Name=NetR24_2 New Net Name=NetF1_1
Change Net Name : Old Net Name=NetR25_1 New Net Name=NetR33_1
Change Net Name : Old Net Name=NetR30_2 New Net Name=NetR38_2
Change Net Name : Old Net Name=NetR33_1 New Net Name=NetR42_1
Change Net Name : Old Net Name=NetR35_1 New Net Name=NetR44_1
Change Net Name : Old Net Name=NetR42_1 New Net Name=NetR26_1
Change Net Name : Old Net Name=NetU3_3 New Net Name=NetU4_3
Change Net Name : Old Net Name=NetU3_7 New Net Name=NetU4_7
Change Net Name : Old Net Name=NetU10_5 New Net Name=NetU5_5
Added Pin To Net: NetName=NetLED1_2 Pin=LED1-2
Added Pin To Net: NetName=NetLED1_2 Pin=R1-1
Added Net: Name=NetLED1_2
Added Pin To Net: NetName=NetR11_1 Pin=R11-1
Added Pin To Net: NetName=NetR11_1 Pin=U2-9
Added Net: Name=NetR11_1
Added Pin To Net: NetName=NetR12_1 Pin=R12-1
Added Pin To Net: NetName=NetR12_1 Pin=U2-21
Added Net: Name=NetR12_1
Added Pin To Net: NetName=NetR13_1 Pin=R13-1
Added Pin To Net: NetName=NetR13_1 Pin=U2-20
Added Net: Name=NetR13_1
Added Pin To Net: NetName=NetR40_2 Pin=R40-2
Added Pin To Net: NetName=NetR40_2 Pin=U8-11
Added Net: Name=NetR40_2
Added Member To Class: ClassName=PowerElectronics Member=Component C35 100nF
Added Member To Class: ClassName=ReboostV2_toplevel Member=Component LED5 GRN
Added Member To Class: ClassName=ReboostV2_toplevel Member=Component R1 330R
Added Member To Class: ClassName=USB Member=Component R11 10K
Added Member To Class: ClassName=USB Member=Component R12 220R
Added Member To Class: ClassName=USB Member=Component R13 220R
Added Member To Class: ClassName=PSU Member=Component R40 200K
