Removed Pin From Net: NetName=GND Pin=C58-1
Removed Pin From Net: NetName=Vdda Pin=C58-2
Removed Pin From Net: NetName=Vcan Pin=P1-1
Removed Pin From Net: NetName=CGND Pin=P1-2
Removed Pin From Net: NetName=CANH Pin=P1-4
Removed Pin From Net: NetName=CANL Pin=P1-5
Removed Pin From Net: NetName=SHLD2 Pin=P1-6
Removed Pin From Net: NetName=Vcan Pin=P2-1
Removed Pin From Net: NetName=CGND Pin=P2-2
Removed Pin From Net: NetName=CANH Pin=P2-4
Removed Pin From Net: NetName=CANL Pin=P2-5
Removed Pin From Net: NetName=SHLD2 Pin=P2-6
Removed Member From Class: ClassName=PSU Member=C58
Removed Member From Class: ClassName=CAN Member=P1
Removed Member From Class: ClassName=CAN Member=P2
Removed Member From Class: ClassName=CANISO Member=SHLD1
Change Component Footprint: Designator=C58 Old Footprint=C0603 New Footprint=C-0805
Change Component Comment : Designator=C58 Old Comment=2.2uF New Comment=10uF
Change component parameters: Designator = "C58" ("C58"); Footprint = "C0603"; UniqueID = "\MBPAWFQV\HBCQONZG" ("\MBPAWFQV\HBCQONZG")
Change component parameters (AddParameter): Name = "Brand"; Value = "MURATA"; VariantName = "[No Variations]"
Change component parameters (AddParameter): Name = "Brand Number"; Value = "GRM21BR71A106KE51L"; VariantName = "[No Variations]"
Change component parameters (AddParameter): Name = "Capacitance"; Value = "10uF"; VariantName = "[No Variations]"
Change component parameters (AddParameter): Name = "Capacitance Tolerance"; Value = "± 10%"; VariantName = "[No Variations]"
Change component parameters (AddParameter): Name = "Capacitor Case Style"; Value = "0805"; VariantName = "[No Variations]"
Change component parameters (AddParameter): Name = "Dielectric Characteristic"; Value = "X7R"; VariantName = "[No Variations]"
Change component parameters (AddParameter): Name = "Order Code Supplier"; Value = "1828828"; VariantName = "[No Variations]"
Change component parameters (AddParameter): Name = "Price"; Value = "0,36"; VariantName = "[No Variations]"
Change component parameters (AddParameter): Name = "Supplier"; Value = "Farnell"; VariantName = "[No Variations]"
Change component parameters (AddParameter): Name = "Temperature Range"; Value = "-55°C to +125°C"; VariantName = "[No Variations]"
Change component parameters (AddParameter): Name = "Voltage Rating"; Value = "10V"; VariantName = "[No Variations]"
Added Component: Designator=C62(C-0805)
Add component (AddParameter): Name = "Brand"; Value = "MURATA"; VariantName = "[No Variations]"
Add component (AddParameter): Name = "Brand Number"; Value = "GRM21BR71A106KE51L"; VariantName = "[No Variations]"
Add component (AddParameter): Name = "Capacitance"; Value = "10uF"; VariantName = "[No Variations]"
Add component (AddParameter): Name = "Capacitance Tolerance"; Value = "± 10%"; VariantName = "[No Variations]"
Add component (AddParameter): Name = "Capacitor Case Style"; Value = "0805"; VariantName = "[No Variations]"
Add component (AddParameter): Name = "Dielectric Characteristic"; Value = "X7R"; VariantName = "[No Variations]"
Add component (AddParameter): Name = "Order Code Supplier"; Value = "1828828"; VariantName = "[No Variations]"
Add component (AddParameter): Name = "Price"; Value = "0,36"; VariantName = "[No Variations]"
Add component (AddParameter): Name = "Supplier"; Value = "Farnell"; VariantName = "[No Variations]"
Add component (AddParameter): Name = "Temperature Range"; Value = "-55°C to +125°C"; VariantName = "[No Variations]"
Add component (AddParameter): Name = "Voltage Rating"; Value = "10V"; VariantName = "[No Variations]"
Added Component: Designator=C65(C-0805)
Add component (AddParameter): Name = "Brand"; Value = "MURATA"; VariantName = "[No Variations]"
Add component (AddParameter): Name = "Brand Number"; Value = "GRM21BR71A106KE51L"; VariantName = "[No Variations]"
Add component (AddParameter): Name = "Capacitance"; Value = "10uF"; VariantName = "[No Variations]"
Add component (AddParameter): Name = "Capacitance Tolerance"; Value = "± 10%"; VariantName = "[No Variations]"
Add component (AddParameter): Name = "Capacitor Case Style"; Value = "0805"; VariantName = "[No Variations]"
Add component (AddParameter): Name = "Dielectric Characteristic"; Value = "X7R"; VariantName = "[No Variations]"
Add component (AddParameter): Name = "Order Code Supplier"; Value = "1828828"; VariantName = "[No Variations]"
Add component (AddParameter): Name = "Price"; Value = "0,36"; VariantName = "[No Variations]"
Add component (AddParameter): Name = "Supplier"; Value = "Farnell"; VariantName = "[No Variations]"
Add component (AddParameter): Name = "Temperature Range"; Value = "-55°C to +125°C"; VariantName = "[No Variations]"
Add component (AddParameter): Name = "Voltage Rating"; Value = "10V"; VariantName = "[No Variations]"
Added Component: Designator=C66(C-0805)
Add component (AddParameter): Name = "Brand"; Value = "MURATA"; VariantName = "[No Variations]"
Add component (AddParameter): Name = "Brand Number"; Value = "GRM21BR71A106KE51L"; VariantName = "[No Variations]"
Add component (AddParameter): Name = "Capacitance"; Value = "10uF"; VariantName = "[No Variations]"
Add component (AddParameter): Name = "Capacitance Tolerance"; Value = "± 10%"; VariantName = "[No Variations]"
Add component (AddParameter): Name = "Capacitor Case Style"; Value = "0805"; VariantName = "[No Variations]"
Add component (AddParameter): Name = "Dielectric Characteristic"; Value = "X7R"; VariantName = "[No Variations]"
Add component (AddParameter): Name = "Order Code Supplier"; Value = "1828828"; VariantName = "[No Variations]"
Add component (AddParameter): Name = "Price"; Value = "0,36"; VariantName = "[No Variations]"
Add component (AddParameter): Name = "Supplier"; Value = "Farnell"; VariantName = "[No Variations]"
Add component (AddParameter): Name = "Temperature Range"; Value = "-55°C to +125°C"; VariantName = "[No Variations]"
Add component (AddParameter): Name = "Voltage Rating"; Value = "10V"; VariantName = "[No Variations]"
Added Component: Designator=C67(C0603)
Add component (AddParameter): Name = "Brand"; Value = "MURATA"; VariantName = "[No Variations]"
Add component (AddParameter): Name = "Brand Number"; Value = "GRM188R61C225KE15D"; VariantName = "[No Variations]"
Add component (AddParameter): Name = "Capacitance"; Value = "2.2uF"; VariantName = "[No Variations]"
Add component (AddParameter): Name = "Capacitance Tolerance"; Value = "+/- 10%"; VariantName = "[No Variations]"
Add component (AddParameter): Name = "Capacitor Case Style"; Value = "0603"; VariantName = "[No Variations]"
Add component (AddParameter): Name = "Dielectric Characteristic"; Value = "X5R"; VariantName = "[No Variations]"
Add component (AddParameter): Name = "Order Code Supplier"; Value = "1735526"; VariantName = "[No Variations]"
Add component (AddParameter): Name = "Price"; Value = "0,077"; VariantName = "[No Variations]"
Add component (AddParameter): Name = "Supplier"; Value = "Farnell"; VariantName = "[No Variations]"
Add component (AddParameter): Name = "Temperature Range"; Value = "-55°C to 85°C"; VariantName = "[No Variations]"
Add component (AddParameter): Name = "Voltage Rating"; Value = "16V"; VariantName = "[No Variations]"
Added Component: Designator=J8(ASL206-05SD-HE)
Add component (AddParameter): Name = "Design Item ID"; Value = "CAN_BUS-Deutsch_ASL206-05SD-HE"; VariantName = "[No Variations]"
Add component (AddParameter): Name = "Source"; Value = "Deutsch_lib.SchLib"; VariantName = "[No Variations]"
Added Component: Designator=J9(ASL206-05SD-HE)
Add component (AddParameter): Name = "Design Item ID"; Value = "CAN_BUS-Deutsch_ASL206-05SD-HE"; VariantName = "[No Variations]"
Add component (AddParameter): Name = "Source"; Value = "Deutsch_lib.SchLib"; VariantName = "[No Variations]"
Added Component: Designator=R53(0603)
Add component (AddParameter): Name = "Brand"; Value = "VISHAY DRALORIC"; VariantName = "[No Variations]"
Add component (AddParameter): Name = "Brand Number"; Value = "CRCW0603200KFKEA"; VariantName = "[No Variations]"
Add component (AddParameter): Name = "Case Style"; Value = "0603"; VariantName = "[No Variations]"
Add component (AddParameter): Name = "Order Code Supplier"; Value = "2122655"; VariantName = "[No Variations]"
Add component (AddParameter): Name = "Power Rating"; Value = "0.063W"; VariantName = "[No Variations]"
Add component (AddParameter): Name = "Price"; Value = "0,038"; VariantName = "[No Variations]"
Add component (AddParameter): Name = "Resistance"; Value = "200K"; VariantName = "[No Variations]"
Add component (AddParameter): Name = "Supplier"; Value = "Farnell"; VariantName = "[No Variations]"
Add component (AddParameter): Name = "Temperature Coefficient"; Value = "± 100PPM"; VariantName = "[No Variations]"
Add component (AddParameter): Name = "Temperature Range"; Value = "-55°C to +125°C"; VariantName = "[No Variations]"
Add component (AddParameter): Name = "Voltage Rating"; Value = "50V"; VariantName = "[No Variations]"
Added Pin To Net: NetName=CGND Pin=C58-1
Added Pin To Net: NetName=5Vcan Pin=C58-2
Added Pin To Net: NetName=CGND Pin=C62-1
Added Pin To Net: NetName=5Vcan Pin=C62-2
Added Pin To Net: NetName=GND Pin=C65-1
Added Pin To Net: NetName=Vdd Pin=C65-2
Added Pin To Net: NetName=GND Pin=C66-1
Added Pin To Net: NetName=Vdd Pin=C66-2
Added Pin To Net: NetName=GND Pin=C67-1
Added Pin To Net: NetName=Vdda Pin=C67-2
Added Pin To Net: NetName=Vcan Pin=J8-1
Added Pin To Net: NetName=CANH Pin=J8-2
Added Pin To Net: NetName=CANL Pin=J8-3
Added Pin To Net: NetName=CGND Pin=J8-4
Added Pin To Net: NetName=SHLD2 Pin=J8-5
Added Pin To Net: NetName=Vcan Pin=J9-1
Added Pin To Net: NetName=CANH Pin=J9-2
Added Pin To Net: NetName=CANL Pin=J9-3
Added Pin To Net: NetName=CGND Pin=J9-4
Added Pin To Net: NetName=SHLD2 Pin=J9-5
Added Pin To Net: NetName=NetQ3_2 Pin=R53-1
Added Pin To Net: NetName=NetQ3_1 Pin=R53-2
Added Pin To Net: NetName=CGND Pin=U7-3
Added Pin To Net: NetName=CGND Pin=U7-3
Added Pin To Net: NetName=CGND Pin=U7-3
Added Pin To Net: NetName=GND Pin=U9-3
Added Pin To Net: NetName=GND Pin=U9-3
Added Pin To Net: NetName=GND Pin=U9-3
Change Net Name : Old Net Name=_IHS_N New Net Name=_IHS_P
Change Net Name : Old Net Name=_IHS_P New Net Name=_IHS_N
Change Net Name : Old Net Name=_ILS_N New Net Name=_ILS_P
Change Net Name : Old Net Name=_ILS_P New Net Name=_ILS_N
Added Member To Class: ClassName=CAN Member=Component C58 10uF
Added Member To Class: ClassName=CAN Member=Component C62 10uF
Added Member To Class: ClassName=PSU Member=Component C65 10uF
Added Member To Class: ClassName=PSU Member=Component C66 10uF
Added Member To Class: ClassName=PSU Member=Component C67 2.2uF
Added Member To Class: ClassName=CAN Member=Component J8 CAN_BUS-Deutsch_ASL206-05SD-HE
Added Member To Class: ClassName=CAN Member=Component J9 CAN_BUS-Deutsch_ASL206-05SD-HE
Added Member To Class: ClassName=PSU Member=Component R53 200K
