Added Component: Designator=L4(WE-HCF_2920)
Add component (AddParameter): Name = "ComponentLink1Description"; Value = "Manufacturer"; VariantName = "[No Variations]"
Add component (AddParameter): Name = "ComponentLink1URL"; Value = "http://www.we-online.de"; VariantName = "[No Variations]"
Add component (AddParameter): Name = "ComponentLink2Description"; Value = "Datasheet"; VariantName = "[No Variations]"
Add component (AddParameter): Name = "ComponentLink2URL"; Value = "https://www.we-online.com/catalog/datasheet/74437429203330.pdf"; VariantName = "[No Variations]"
Add component (AddParameter): Name = "DC Resistance max."; Value = "16.83mOhm"; VariantName = "[No Variations]"
Add component (AddParameter): Name = "DC Resistance typ."; Value = "15.3mOhm"; VariantName = "[No Variations]"
Add component (AddParameter): Name = "Inductance"; Value = "33uH"; VariantName = "[No Variations]"
Add component (AddParameter): Name = "Manufacturer"; Value = "Wurth Elektronik"; VariantName = "[No Variations]"
Add component (AddParameter): Name = "Manufacturer Part Number"; Value = "74437429203330"; VariantName = "[No Variations]"
Add component (AddParameter): Name = "Mounting Technology"; Value = "SMT"; VariantName = "[No Variations]"
Add component (AddParameter): Name = "Operating Temperature"; Value = "-40 to +125degC"; VariantName = "[No Variations]"
Add component (AddParameter): Name = "Packaging"; Value = "Tray and Carton"; VariantName = "[No Variations]"
Add component (AddParameter): Name = "Published Date"; Value = "September 2020"; VariantName = "[No Variations]"
Add component (AddParameter): Name = "Rated Current"; Value = "13A"; VariantName = "[No Variations]"
Add component (AddParameter): Name = "Saturation Current"; Value = "16.3A"; VariantName = "[No Variations]"
Add component (AddParameter): Name = "Self Resonant Frequency"; Value = "8MHz"; VariantName = "[No Variations]"
Add component (AddParameter): Name = "Size"; Value = "2920"; VariantName = "[No Variations]"
Added Component: Designator=L5(WE-HCFT_3540_7443763540470)
Add component (AddParameter): Name = "ComponentLink1Description"; Value = "Manufacturer"; VariantName = "[No Variations]"
Add component (AddParameter): Name = "ComponentLink1URL"; Value = "http://www.we-online.de"; VariantName = "[No Variations]"
Add component (AddParameter): Name = "ComponentLink2Description"; Value = "Datasheet"; VariantName = "[No Variations]"
Add component (AddParameter): Name = "ComponentLink2URL"; Value = "https://www.we-online.com/catalog/datasheet/7443763540470.pdf"; VariantName = "[No Variations]"
Add component (AddParameter): Name = "DC Resistance max."; Value = "6.38mOhm"; VariantName = "[No Variations]"
Add component (AddParameter): Name = "DC Resistance typ."; Value = "5.67mOhm"; VariantName = "[No Variations]"
Add component (AddParameter): Name = "Inductance"; Value = "47uH"; VariantName = "[No Variations]"
Add component (AddParameter): Name = "Inductance Tolerance"; Value = "+/-20%"; VariantName = "[No Variations]"
Add component (AddParameter): Name = "Manufacturer"; Value = "Wurth Elektronik"; VariantName = "[No Variations]"
Add component (AddParameter): Name = "Manufacturer Part Number"; Value = "7443763540470"; VariantName = "[No Variations]"
Add component (AddParameter): Name = "Mounting Technology"; Value = "THT"; VariantName = "[No Variations]"
Add component (AddParameter): Name = "Operating Temperature"; Value = "-40 to +125degC"; VariantName = "[No Variations]"
Add component (AddParameter): Name = "Packaging"; Value = "Tray and Carton"; VariantName = "[No Variations]"
Add component (AddParameter): Name = "Published Date"; Value = "November 2020"; VariantName = "[No Variations]"
Add component (AddParameter): Name = "Rated Current"; Value = "32A"; VariantName = "[No Variations]"
Add component (AddParameter): Name = "Saturation Current"; Value = "31A"; VariantName = "[No Variations]"
Add component (AddParameter): Name = "Self Resonant Frequency"; Value = "6MHz"; VariantName = "[No Variations]"
Add component (AddParameter): Name = "Size"; Value = "3540"; VariantName = "[No Variations]"
Added Member To Class: ClassName=PowerElectronics Member=Component L4 33uH, 13A
Added Member To Class: ClassName=PowerElectronics Member=Component L5 47uH, 32A
Added Member To Class: ClassName=PowerElectronics Member=Component R13 100K
