Removed Pin From Net: NetName=VHN Pin=J1-1
Removed Pin From Net: NetName=VHP Pin=J1-2
Removed Pin From Net: NetName=VLP Pin=J1-3
Removed Pin From Net: NetName=VLN Pin=J1-4
Change Component Designator: OldDesignator=J1 NewDesignator=Jx
Added Component: Designator=J1(PC 4/ 4-G-7,62)
Add component (AddParameter): Name = "Brand"; Value = "PHOENIX CONTACT"; VariantName = "[No Variations]"
Add component (AddParameter): Name = "Brand Number"; Value = "PC 4/4-G-7,62"; VariantName = "[No Variations]"
Add component (AddParameter): Name = "Case Style"; Value = ""; VariantName = "[No Variations]"
Add component (AddParameter): Name = "Order Code Supplier"; Value = "1792930"; VariantName = "[No Variations]"
Add component (AddParameter): Name = "Pitch"; Value = "7.62mm"; VariantName = "[No Variations]"
Add component (AddParameter): Name = "Price"; Value = "2,92"; VariantName = "[No Variations]"
Add component (AddParameter): Name = "Supplier"; Value = "Farnell"; VariantName = "[No Variations]"
Added Pin To Net: NetName=GND Pin=J1-0
Added Pin To Net: NetName=GND Pin=J1-0
Added Pin To Net: NetName=VLN Pin=J1-1
Added Pin To Net: NetName=VLN Pin=J1-1
Added Pin To Net: NetName=VLP Pin=J1-2
Added Pin To Net: NetName=VLP Pin=J1-2
Added Pin To Net: NetName=VHP Pin=J1-3
Added Pin To Net: NetName=VHP Pin=J1-3
Added Pin To Net: NetName=VHN Pin=J1-4
Added Pin To Net: NetName=VHN Pin=J1-4
Added Member To Class: ClassName=ReboostV2_toplevel Member=Component Jx DTF13-4P
